Arguments: 
  C:\Program Files\nodejs\node.exe C:\Program Files\nodejs\node_modules\yarn\bin\yarn.js add @aws-sdk/client-s3/types

PATH: 
  C:\Program Files\Microsoft\jdk-11.0.18.10-hotspot\bin;C:\WINDOWS\system32;C:\WINDOWS;C:\WINDOWS\System32\Wbem;C:\WINDOWS\System32\WindowsPowerShell\v1.0\;C:\WINDOWS\System32\OpenSSH\;C:\Users\ragha\AppData\Roaming\nvm;C:\Program Files\nodejs;C:\Program Files\Git\cmd;C:\Program Files\Docker\Docker\resources\bin;C:\Program Files\dotnet\;C:\Program Files\PuTTY\;C:\ProgramData\chocolatey\bin;C:\Users\ragha\AppData\Local\Android\Sdk\platform-tools;C:\Program Files (x86)\Microsoft SQL Server\160\Tools\Binn\;C:\Program Files\Microsoft SQL Server\160\Tools\Binn\;C:\Program Files\Microsoft SQL Server\Client SDK\ODBC\170\Tools\Binn\;C:\Program Files\Microsoft SQL Server\160\DTS\Binn\;C:\Program Files\MySQL\MySQL Shell 8.0\bin\;C:\Users\ragha\AppData\Local\Android\Sdk\tools;C:\Users\ragha\AppData\Local\Android\Sdk\tools;C:\Users\ragha\AppData\Local\Android\Sdk\tools;C:\Users\ragha\AppData\Local\Android\Sdk\tools;C:\Users\ragha\.console-ninja\.bin;C:\Users\ragha\AppData\Local\Microsoft\WindowsApps;C:\Users\ragha\AppData\Roaming\nvm;C:\Program Files\nodejs;C:\Users\ragha\AppData\Local\Programs\Microsoft VS Code\bin;C:\Users\ragha\AppData\Local\Microsoft\WindowsApps;C:\Users\ragha\AppData\Local\Android\Sdk\platform-tools;C:\Program Files\OpenSSL-Win64\bin;C:\Users\ragha\.dotnet\tools

Yarn version: 
  1.22.19

Node version: 
  18.16.0

Platform: 
  win32 x64

Trace: 
  Error: https://registry.yarnpkg.com/@aws-sdk%2fclient-s3/types: Request "https://registry.yarnpkg.com/@aws-sdk%2fclient-s3/types" returned a 405
      at params.callback [as _callback] (C:\Users\ragha\AppData\Roaming\nvm\v18.16.0\node_modules\yarn\lib\cli.js:66154:18)
      at self.callback (C:\Users\ragha\AppData\Roaming\nvm\v18.16.0\node_modules\yarn\lib\cli.js:140890:22)
      at Request.emit (node:events:513:28)
      at Request.<anonymous> (C:\Users\ragha\AppData\Roaming\nvm\v18.16.0\node_modules\yarn\lib\cli.js:141862:10)
      at Request.emit (node:events:513:28)
      at IncomingMessage.<anonymous> (C:\Users\ragha\AppData\Roaming\nvm\v18.16.0\node_modules\yarn\lib\cli.js:141784:12)
      at Object.onceWrapper (node:events:627:28)
      at IncomingMessage.emit (node:events:525:35)
      at endReadableNT (node:internal/streams/readable:1359:12)
      at process.processTicksAndRejections (node:internal/process/task_queues:82:21)

npm manifest: 
  {
    "name": "asset-uploader",
    "version": "1.0.0",
    "description": "",
    "main": "dist/index.js",
    "types": "lib/index.d.ts",
    "scripts": {
      "start": " nodemon --watch 'src/**/*.ts' --exec 'ts-node' src/index.ts",
      "build": "tsc --watch",
      "prepare": "yarn build && cp -R lib/* dist/"
    },
    "keywords": [],
    "author": "",
    "license": "ISC",
    "devDependencies": {
      "@types/node": "^20.6.3",
      "nodemon": "^3.0.1",
      "ts-node": "^10.9.1",
      "typescript": "^5.2.2"
    },
    "dependencies": {
      "@aws-sdk/client-s3": "^3.417.0",
      "aws-sdk": "^2.1462.0"
    }
  }

yarn manifest: 
  No manifest

Lockfile: 
  # THIS IS AN AUTOGENERATED FILE. DO NOT EDIT THIS FILE DIRECTLY.
  # yarn lockfile v1
  
  
  "@aws-crypto/crc32@3.0.0":
    version "3.0.0"
    resolved "https://registry.yarnpkg.com/@aws-crypto/crc32/-/crc32-3.0.0.tgz#07300eca214409c33e3ff769cd5697b57fdd38fa"
    integrity sha512-IzSgsrxUcsrejQbPVilIKy16kAT52EwB6zSaI+M3xxIhKh5+aldEyvI+z6erM7TCLB2BJsFrtHjp6/4/sr+3dA==
    dependencies:
      "@aws-crypto/util" "^3.0.0"
      "@aws-sdk/types" "^3.222.0"
      tslib "^1.11.1"
  
  "@aws-crypto/crc32c@3.0.0":
    version "3.0.0"
    resolved "https://registry.yarnpkg.com/@aws-crypto/crc32c/-/crc32c-3.0.0.tgz#016c92da559ef638a84a245eecb75c3e97cb664f"
    integrity sha512-ENNPPManmnVJ4BTXlOjAgD7URidbAznURqD0KvfREyc4o20DPYdEldU1f5cQ7Jbj0CJJSPaMIk/9ZshdB3210w==
    dependencies:
      "@aws-crypto/util" "^3.0.0"
      "@aws-sdk/types" "^3.222.0"
      tslib "^1.11.1"
  
  "@aws-crypto/ie11-detection@^3.0.0":
    version "3.0.0"
    resolved "https://registry.yarnpkg.com/@aws-crypto/ie11-detection/-/ie11-detection-3.0.0.tgz#640ae66b4ec3395cee6a8e94ebcd9f80c24cd688"
    integrity sha512-341lBBkiY1DfDNKai/wXM3aujNBkXR7tq1URPQDL9wi3AUbI80NR74uF1TXHMm7po1AcnFk8iu2S2IeU/+/A+Q==
    dependencies:
      tslib "^1.11.1"
  
  "@aws-crypto/sha1-browser@3.0.0":
    version "3.0.0"
    resolved "https://registry.yarnpkg.com/@aws-crypto/sha1-browser/-/sha1-browser-3.0.0.tgz#f9083c00782b24714f528b1a1fef2174002266a3"
    integrity sha512-NJth5c997GLHs6nOYTzFKTbYdMNA6/1XlKVgnZoaZcQ7z7UJlOgj2JdbHE8tiYLS3fzXNCguct77SPGat2raSw==
    dependencies:
      "@aws-crypto/ie11-detection" "^3.0.0"
      "@aws-crypto/supports-web-crypto" "^3.0.0"
      "@aws-crypto/util" "^3.0.0"
      "@aws-sdk/types" "^3.222.0"
      "@aws-sdk/util-locate-window" "^3.0.0"
      "@aws-sdk/util-utf8-browser" "^3.0.0"
      tslib "^1.11.1"
  
  "@aws-crypto/sha256-browser@3.0.0":
    version "3.0.0"
    resolved "https://registry.yarnpkg.com/@aws-crypto/sha256-browser/-/sha256-browser-3.0.0.tgz#05f160138ab893f1c6ba5be57cfd108f05827766"
    integrity sha512-8VLmW2B+gjFbU5uMeqtQM6Nj0/F1bro80xQXCW6CQBWgosFWXTx77aeOF5CAIAmbOK64SdMBJdNr6J41yP5mvQ==
    dependencies:
      "@aws-crypto/ie11-detection" "^3.0.0"
      "@aws-crypto/sha256-js" "^3.0.0"
      "@aws-crypto/supports-web-crypto" "^3.0.0"
      "@aws-crypto/util" "^3.0.0"
      "@aws-sdk/types" "^3.222.0"
      "@aws-sdk/util-locate-window" "^3.0.0"
      "@aws-sdk/util-utf8-browser" "^3.0.0"
      tslib "^1.11.1"
  
  "@aws-crypto/sha256-js@3.0.0", "@aws-crypto/sha256-js@^3.0.0":
    version "3.0.0"
    resolved "https://registry.yarnpkg.com/@aws-crypto/sha256-js/-/sha256-js-3.0.0.tgz#f06b84d550d25521e60d2a0e2a90139341e007c2"
    integrity sha512-PnNN7os0+yd1XvXAy23CFOmTbMaDxgxXtTKHybrJ39Y8kGzBATgBFibWJKH6BhytLI/Zyszs87xCOBNyBig6vQ==
    dependencies:
      "@aws-crypto/util" "^3.0.0"
      "@aws-sdk/types" "^3.222.0"
      tslib "^1.11.1"
  
  "@aws-crypto/supports-web-crypto@^3.0.0":
    version "3.0.0"
    resolved "https://registry.yarnpkg.com/@aws-crypto/supports-web-crypto/-/supports-web-crypto-3.0.0.tgz#5d1bf825afa8072af2717c3e455f35cda0103ec2"
    integrity sha512-06hBdMwUAb2WFTuGG73LSC0wfPu93xWwo5vL2et9eymgmu3Id5vFAHBbajVWiGhPO37qcsdCap/FqXvJGJWPIg==
    dependencies:
      tslib "^1.11.1"
  
  "@aws-crypto/util@^3.0.0":
    version "3.0.0"
    resolved "https://registry.yarnpkg.com/@aws-crypto/util/-/util-3.0.0.tgz#1c7ca90c29293f0883468ad48117937f0fe5bfb0"
    integrity sha512-2OJlpeJpCR48CC8r+uKVChzs9Iungj9wkZrl8Z041DWEWvyIHILYKCPNzJghKsivj+S3mLo6BVc7mBNzdxA46w==
    dependencies:
      "@aws-sdk/types" "^3.222.0"
      "@aws-sdk/util-utf8-browser" "^3.0.0"
      tslib "^1.11.1"
  
  "@aws-sdk/client-s3@^3.417.0":
    version "3.417.0"
    resolved "https://registry.yarnpkg.com/@aws-sdk/client-s3/-/client-s3-3.417.0.tgz#9641d0b6b63783402931946f442215c120648a3b"
    integrity sha512-xf8QAzncgiHuvB6942WqzFHVjf2Lg6vmx/PsbvnuZ318cryOHK0ijS6yC7FTSmaTxJkCJe0Q3oh3pRYhpP6hyA==
    dependencies:
      "@aws-crypto/sha1-browser" "3.0.0"
      "@aws-crypto/sha256-browser" "3.0.0"
      "@aws-crypto/sha256-js" "3.0.0"
      "@aws-sdk/client-sts" "3.414.0"
      "@aws-sdk/credential-provider-node" "3.414.0"
      "@aws-sdk/middleware-bucket-endpoint" "3.413.0"
      "@aws-sdk/middleware-expect-continue" "3.413.0"
      "@aws-sdk/middleware-flexible-checksums" "3.413.0"
      "@aws-sdk/middleware-host-header" "3.413.0"
      "@aws-sdk/middleware-location-constraint" "3.413.0"
      "@aws-sdk/middleware-logger" "3.413.0"
      "@aws-sdk/middleware-recursion-detection" "3.413.0"
      "@aws-sdk/middleware-sdk-s3" "3.414.0"
      "@aws-sdk/middleware-signing" "3.413.0"
      "@aws-sdk/middleware-ssec" "3.413.0"
      "@aws-sdk/middleware-user-agent" "3.413.0"
      "@aws-sdk/region-config-resolver" "3.413.0"
      "@aws-sdk/signature-v4-multi-region" "3.413.0"
      "@aws-sdk/types" "3.413.0"
      "@aws-sdk/util-endpoints" "3.413.0"
      "@aws-sdk/util-user-agent-browser" "3.413.0"
      "@aws-sdk/util-user-agent-node" "3.413.0"
      "@aws-sdk/xml-builder" "3.310.0"
      "@smithy/config-resolver" "^2.0.8"
      "@smithy/eventstream-serde-browser" "^2.0.7"
      "@smithy/eventstream-serde-config-resolver" "^2.0.7"
      "@smithy/eventstream-serde-node" "^2.0.7"
      "@smithy/fetch-http-handler" "^2.1.3"
      "@smithy/hash-blob-browser" "^2.0.7"
      "@smithy/hash-node" "^2.0.7"
      "@smithy/hash-stream-node" "^2.0.7"
      "@smithy/invalid-dependency" "^2.0.7"
      "@smithy/md5-js" "^2.0.7"
      "@smithy/middleware-content-length" "^2.0.9"
      "@smithy/middleware-endpoint" "^2.0.7"
      "@smithy/middleware-retry" "^2.0.10"
      "@smithy/middleware-serde" "^2.0.7"
      "@smithy/middleware-stack" "^2.0.0"
      "@smithy/node-config-provider" "^2.0.10"
      "@smithy/node-http-handler" "^2.1.3"
      "@smithy/protocol-http" "^3.0.3"
      "@smithy/smithy-client" "^2.1.4"
      "@smithy/types" "^2.3.1"
      "@smithy/url-parser" "^2.0.7"
      "@smithy/util-base64" "^2.0.0"
      "@smithy/util-body-length-browser" "^2.0.0"
      "@smithy/util-body-length-node" "^2.1.0"
      "@smithy/util-defaults-mode-browser" "^2.0.8"
      "@smithy/util-defaults-mode-node" "^2.0.10"
      "@smithy/util-retry" "^2.0.0"
      "@smithy/util-stream" "^2.0.10"
      "@smithy/util-utf8" "^2.0.0"
      "@smithy/util-waiter" "^2.0.7"
      fast-xml-parser "4.2.5"
      tslib "^2.5.0"
  
  "@aws-sdk/client-sso@3.414.0":
    version "3.414.0"
    resolved "https://registry.yarnpkg.com/@aws-sdk/client-sso/-/client-sso-3.414.0.tgz#366e2d0f8d7178c4ff1e6e7144e52eab85266173"
    integrity sha512-GvRwQ7wA3edzsQEKS70ZPhkOUZ62PAiXasjp6GxrsADEb8sV1z4FxXNl9Un/7fQxKkh9QYaK1Wu1PmhLi9MLMg==
    dependencies:
      "@aws-crypto/sha256-browser" "3.0.0"
      "@aws-crypto/sha256-js" "3.0.0"
      "@aws-sdk/middleware-host-header" "3.413.0"
      "@aws-sdk/middleware-logger" "3.413.0"
      "@aws-sdk/middleware-recursion-detection" "3.413.0"
      "@aws-sdk/middleware-user-agent" "3.413.0"
      "@aws-sdk/region-config-resolver" "3.413.0"
      "@aws-sdk/types" "3.413.0"
      "@aws-sdk/util-endpoints" "3.413.0"
      "@aws-sdk/util-user-agent-browser" "3.413.0"
      "@aws-sdk/util-user-agent-node" "3.413.0"
      "@smithy/config-resolver" "^2.0.8"
      "@smithy/fetch-http-handler" "^2.1.3"
      "@smithy/hash-node" "^2.0.7"
      "@smithy/invalid-dependency" "^2.0.7"
      "@smithy/middleware-content-length" "^2.0.9"
      "@smithy/middleware-endpoint" "^2.0.7"
      "@smithy/middleware-retry" "^2.0.10"
      "@smithy/middleware-serde" "^2.0.7"
      "@smithy/middleware-stack" "^2.0.0"
      "@smithy/node-config-provider" "^2.0.10"
      "@smithy/node-http-handler" "^2.1.3"
      "@smithy/protocol-http" "^3.0.3"
      "@smithy/smithy-client" "^2.1.4"
      "@smithy/types" "^2.3.1"
      "@smithy/url-parser" "^2.0.7"
      "@smithy/util-base64" "^2.0.0"
      "@smithy/util-body-length-browser" "^2.0.0"
      "@smithy/util-body-length-node" "^2.1.0"
      "@smithy/util-defaults-mode-browser" "^2.0.8"
      "@smithy/util-defaults-mode-node" "^2.0.10"
      "@smithy/util-retry" "^2.0.0"
      "@smithy/util-utf8" "^2.0.0"
      tslib "^2.5.0"
  
  "@aws-sdk/client-sts@3.414.0":
    version "3.414.0"
    resolved "https://registry.yarnpkg.com/@aws-sdk/client-sts/-/client-sts-3.414.0.tgz#304e8d3b059c68a5e675918d1aa29f8b017bd19a"
    integrity sha512-xeYH3si6Imp1EWolWn1zuxJJu2AXKwXl1HDftQULwC5AWkm1mNFbXYSJN4hQul1IM+kn+JTRB0XRHByQkKhe+Q==
    dependencies:
      "@aws-crypto/sha256-browser" "3.0.0"
      "@aws-crypto/sha256-js" "3.0.0"
      "@aws-sdk/credential-provider-node" "3.414.0"
      "@aws-sdk/middleware-host-header" "3.413.0"
      "@aws-sdk/middleware-logger" "3.413.0"
      "@aws-sdk/middleware-recursion-detection" "3.413.0"
      "@aws-sdk/middleware-sdk-sts" "3.413.0"
      "@aws-sdk/middleware-signing" "3.413.0"
      "@aws-sdk/middleware-user-agent" "3.413.0"
      "@aws-sdk/region-config-resolver" "3.413.0"
      "@aws-sdk/types" "3.413.0"
      "@aws-sdk/util-endpoints" "3.413.0"
      "@aws-sdk/util-user-agent-browser" "3.413.0"
      "@aws-sdk/util-user-agent-node" "3.413.0"
      "@smithy/config-resolver" "^2.0.8"
      "@smithy/fetch-http-handler" "^2.1.3"
      "@smithy/hash-node" "^2.0.7"
      "@smithy/invalid-dependency" "^2.0.7"
      "@smithy/middleware-content-length" "^2.0.9"
      "@smithy/middleware-endpoint" "^2.0.7"
      "@smithy/middleware-retry" "^2.0.10"
      "@smithy/middleware-serde" "^2.0.7"
      "@smithy/middleware-stack" "^2.0.0"
      "@smithy/node-config-provider" "^2.0.10"
      "@smithy/node-http-handler" "^2.1.3"
      "@smithy/protocol-http" "^3.0.3"
      "@smithy/smithy-client" "^2.1.4"
      "@smithy/types" "^2.3.1"
      "@smithy/url-parser" "^2.0.7"
      "@smithy/util-base64" "^2.0.0"
      "@smithy/util-body-length-browser" "^2.0.0"
      "@smithy/util-body-length-node" "^2.1.0"
      "@smithy/util-defaults-mode-browser" "^2.0.8"
      "@smithy/util-defaults-mode-node" "^2.0.10"
      "@smithy/util-retry" "^2.0.0"
      "@smithy/util-utf8" "^2.0.0"
      fast-xml-parser "4.2.5"
      tslib "^2.5.0"
  
  "@aws-sdk/credential-provider-env@3.413.0":
    version "3.413.0"
    resolved "https://registry.yarnpkg.com/@aws-sdk/credential-provider-env/-/credential-provider-env-3.413.0.tgz#46a4c665d4fa5f6a1823590b2c9cc96244af43dd"
    integrity sha512-yeMOkfG20/RlzfPMtQuDB647AcPEvFEVYOWZzAWVJfldYQ5ybKr0d7sBkgG9sdAzGkK3Aw9dE4rigYI8EIqc1Q==
    dependencies:
      "@aws-sdk/types" "3.413.0"
      "@smithy/property-provider" "^2.0.0"
      "@smithy/types" "^2.3.1"
      tslib "^2.5.0"
  
  "@aws-sdk/credential-provider-ini@3.414.0":
    version "3.414.0"
    resolved "https://registry.yarnpkg.com/@aws-sdk/credential-provider-ini/-/credential-provider-ini-3.414.0.tgz#2956ac32b6b45a6f0cf9d405cb7c4b717ee33cd6"
    integrity sha512-rlpLLx70roJL/t40opWC96LbIASejdMbRlgSCRpK8b/hKngYDe5A7SRVacaw08vYrAywxRiybxpQOwOt9b++rA==
    dependencies:
      "@aws-sdk/credential-provider-env" "3.413.0"
      "@aws-sdk/credential-provider-process" "3.413.0"
      "@aws-sdk/credential-provider-sso" "3.414.0"
      "@aws-sdk/credential-provider-web-identity" "3.413.0"
      "@aws-sdk/types" "3.413.0"
      "@smithy/credential-provider-imds" "^2.0.0"
      "@smithy/property-provider" "^2.0.0"
      "@smithy/shared-ini-file-loader" "^2.0.6"
      "@smithy/types" "^2.3.1"
      tslib "^2.5.0"
  
  "@aws-sdk/credential-provider-node@3.414.0":
    version "3.414.0"
    resolved "https://registry.yarnpkg.com/@aws-sdk/credential-provider-node/-/credential-provider-node-3.414.0.tgz#7dea28eb05870a35ae70d96b2e5af3577622924f"
    integrity sha512-xlkcOUKeGHInxWKKrZKIPSBCUL/ozyCldJBjmMKEj7ZmBAEiDcjpMe3pZ//LibMkCSy0b/7jtyQBE/eaIT2o0A==
    dependencies:
      "@aws-sdk/credential-provider-env" "3.413.0"
      "@aws-sdk/credential-provider-ini" "3.414.0"
      "@aws-sdk/credential-provider-process" "3.413.0"
      "@aws-sdk/credential-provider-sso" "3.414.0"
      "@aws-sdk/credential-provider-web-identity" "3.413.0"
      "@aws-sdk/types" "3.413.0"
      "@smithy/credential-provider-imds" "^2.0.0"
      "@smithy/property-provider" "^2.0.0"
      "@smithy/shared-ini-file-loader" "^2.0.6"
      "@smithy/types" "^2.3.1"
      tslib "^2.5.0"
  
  "@aws-sdk/credential-provider-process@3.413.0":
    version "3.413.0"
    resolved "https://registry.yarnpkg.com/@aws-sdk/credential-provider-process/-/credential-provider-process-3.413.0.tgz#60c5f9810c6b8ec4846f73593534a37a0ae77883"
    integrity sha512-GFJdgS14GzJ1wc2DEnS44Z/34iBZ05CAkvDsLN2CMwcDgH4eZuif9/x0lwzIJBK3xVFHzYUeVvEzsqRPbCHRsw==
    dependencies:
      "@aws-sdk/types" "3.413.0"
      "@smithy/property-provider" "^2.0.0"
      "@smithy/shared-ini-file-loader" "^2.0.6"
      "@smithy/types" "^2.3.1"
      tslib "^2.5.0"
  
  "@aws-sdk/credential-provider-sso@3.414.0":
    version "3.414.0"
    resolved "https://registry.yarnpkg.com/@aws-sdk/credential-provider-sso/-/credential-provider-sso-3.414.0.tgz#236d29e881540dec9114fda5579b535ab6bccab6"
    integrity sha512-w9g2hlkZn7WekWICRqk+L33py7KrjYMFryVpkKXOx2pjDchCfZDr6pL1ml782GZ0L3qsob4SbNpbtp13JprnWQ==
    dependencies:
      "@aws-sdk/client-sso" "3.414.0"
      "@aws-sdk/token-providers" "3.413.0"
      "@aws-sdk/types" "3.413.0"
      "@smithy/property-provider" "^2.0.0"
      "@smithy/shared-ini-file-loader" "^2.0.6"
      "@smithy/types" "^2.3.1"
      tslib "^2.5.0"
  
  "@aws-sdk/credential-provider-web-identity@3.413.0":
    version "3.413.0"
    resolved "https://registry.yarnpkg.com/@aws-sdk/credential-provider-web-identity/-/credential-provider-web-identity-3.413.0.tgz#a9a41a2ce3868328c7f8c9b4d1e42b769ee6634e"
    integrity sha512-5cdA1Iq9JeEHtg59ERV9fdMQ7cS0JF6gH/BWA7HYEUGdSVPXCuwyEggPtG64QgpNU7SmxH+QdDG+Ldxz09ycIA==
    dependencies:
      "@aws-sdk/types" "3.413.0"
      "@smithy/property-provider" "^2.0.0"
      "@smithy/types" "^2.3.1"
      tslib "^2.5.0"
  
  "@aws-sdk/middleware-bucket-endpoint@3.413.0":
    version "3.413.0"
    resolved "https://registry.yarnpkg.com/@aws-sdk/middleware-bucket-endpoint/-/middleware-bucket-endpoint-3.413.0.tgz#8cd6b39e44941c8e73d1da6ca3591d18a6c5a320"
    integrity sha512-hHfaKg4rbpdgB6iMNLW/ubAJFsPFMNOV/hHpZ7BJVdA05fW6Zj6es+TSr7DM3j4Dv49ckhWY0P+JrSkM3FXXpg==
    dependencies:
      "@aws-sdk/types" "3.413.0"
      "@aws-sdk/util-arn-parser" "3.310.0"
      "@smithy/node-config-provider" "^2.0.10"
      "@smithy/protocol-http" "^3.0.3"
      "@smithy/types" "^2.3.1"
      "@smithy/util-config-provider" "^2.0.0"
      tslib "^2.5.0"
  
  "@aws-sdk/middleware-expect-continue@3.413.0":
    version "3.413.0"
    resolved "https://registry.yarnpkg.com/@aws-sdk/middleware-expect-continue/-/middleware-expect-continue-3.413.0.tgz#d2bdcd0388e03836f33d224a4fbcd70e9c944a7a"
    integrity sha512-14L4Fit+3EEVZNHCZKxua4vCrh+dGaaDfC5Ng3A8nILAqCsG2dhbDbUOwbnAaM8MCEVOgZS/NwUUlLA9AZfKgQ==
    dependencies:
      "@aws-sdk/types" "3.413.0"
      "@smithy/protocol-http" "^3.0.3"
      "@smithy/types" "^2.3.1"
      tslib "^2.5.0"
  
  "@aws-sdk/middleware-flexible-checksums@3.413.0":
    version "3.413.0"
    resolved "https://registry.yarnpkg.com/@aws-sdk/middleware-flexible-checksums/-/middleware-flexible-checksums-3.413.0.tgz#1799f647ac5bd9126a9081a95f1208b1f24c4ba2"
    integrity sha512-xb7WIxmyCQoBCnzaN+Widuan0PbNxYegKLOW4XheYz/v7lBEttIcGMu+OIAIQs3KlTb3dx8jqjSj2rMNnru8MQ==
    dependencies:
      "@aws-crypto/crc32" "3.0.0"
      "@aws-crypto/crc32c" "3.0.0"
      "@aws-sdk/types" "3.413.0"
      "@smithy/is-array-buffer" "^2.0.0"
      "@smithy/protocol-http" "^3.0.3"
      "@smithy/types" "^2.3.1"
      "@smithy/util-utf8" "^2.0.0"
      tslib "^2.5.0"
  
  "@aws-sdk/middleware-host-header@3.413.0":
    version "3.413.0"
    resolved "https://registry.yarnpkg.com/@aws-sdk/middleware-host-header/-/middleware-host-header-3.413.0.tgz#fd93d392823a73054755142b97d024e7f9e65e4b"
    integrity sha512-r9PQx468EzPHo9wRzZLfgROpKtVdbkteMrdhsuM12bifVHjU1OHr7yfhc1OdWv39X8Xiv6F8n5r+RBQEM0S6+g==
    dependencies:
      "@aws-sdk/types" "3.413.0"
      "@smithy/protocol-http" "^3.0.3"
      "@smithy/types" "^2.3.1"
      tslib "^2.5.0"
  
  "@aws-sdk/middleware-location-constraint@3.413.0":
    version "3.413.0"
    resolved "https://registry.yarnpkg.com/@aws-sdk/middleware-location-constraint/-/middleware-location-constraint-3.413.0.tgz#4500254916e30c187d9fb79292f3c2363a0aa2d8"
    integrity sha512-JecF1O1Lm8ZZtCgXHwJm0ZysVf8K0Z8DbrNMJfYkyfsP3CYuQNJbmjrehyRl7aCuxMJ16EUGdXgoP1M8TImLpA==
    dependencies:
      "@aws-sdk/types" "3.413.0"
      "@smithy/types" "^2.3.1"
      tslib "^2.5.0"
  
  "@aws-sdk/middleware-logger@3.413.0":
    version "3.413.0"
    resolved "https://registry.yarnpkg.com/@aws-sdk/middleware-logger/-/middleware-logger-3.413.0.tgz#f8e4dccf10ed94a9756b075f9165e73face5ed49"
    integrity sha512-jqcXDubcKvoqBy+kkEa0WoNjG6SveDeyNy+gdGnTV+DEtYjkcHrHJei4q0W5zFl0mzc+dP+z8tJF44rv95ZY3Q==
    dependencies:
      "@aws-sdk/types" "3.413.0"
      "@smithy/types" "^2.3.1"
      tslib "^2.5.0"
  
  "@aws-sdk/middleware-recursion-detection@3.413.0":
    version "3.413.0"
    resolved "https://registry.yarnpkg.com/@aws-sdk/middleware-recursion-detection/-/middleware-recursion-detection-3.413.0.tgz#802cb4b4f086d4737a940d6a15eb332826c6610e"
    integrity sha512-C6k0IKJk/A4/VBGwUjxEPG+WOjjnmWAZVRBUzaeM7PqRh+g5rLcuIV356ntV3pREVxyiSTePTYVYIHU9YXkLKQ==
    dependencies:
      "@aws-sdk/types" "3.413.0"
      "@smithy/protocol-http" "^3.0.3"
      "@smithy/types" "^2.3.1"
      tslib "^2.5.0"
  
  "@aws-sdk/middleware-sdk-s3@3.414.0":
    version "3.414.0"
    resolved "https://registry.yarnpkg.com/@aws-sdk/middleware-sdk-s3/-/middleware-sdk-s3-3.414.0.tgz#330d6fa9216c779fa3beb5ca28f163bce4c8f3d4"
    integrity sha512-IKTiYMWN/2HZtgBinrDOGq+gKYkM9h477AqVr7EXSfll+gM9phwJKEitgxje7IaCi8ViQcFKtTRly3eCLX6GIA==
    dependencies:
      "@aws-sdk/types" "3.413.0"
      "@aws-sdk/util-arn-parser" "3.310.0"
      "@smithy/protocol-http" "^3.0.3"
      "@smithy/smithy-client" "^2.1.4"
      "@smithy/types" "^2.3.1"
      tslib "^2.5.0"
  
  "@aws-sdk/middleware-sdk-sts@3.413.0":
    version "3.413.0"
    resolved "https://registry.yarnpkg.com/@aws-sdk/middleware-sdk-sts/-/middleware-sdk-sts-3.413.0.tgz#a043e0876770ff4c59dd6e9979b1d0489d036106"
    integrity sha512-t0u//JUyaEZRVnH5q+Ur3tWnuyIsTdwA0XOdDCZXcSlLYzGp2MI/tScLjn9IydRrceIFpFfmbjk4Nf/Q6TeBTQ==
    dependencies:
      "@aws-sdk/middleware-signing" "3.413.0"
      "@aws-sdk/types" "3.413.0"
      "@smithy/types" "^2.3.1"
      tslib "^2.5.0"
  
  "@aws-sdk/middleware-signing@3.413.0":
    version "3.413.0"
    resolved "https://registry.yarnpkg.com/@aws-sdk/middleware-signing/-/middleware-signing-3.413.0.tgz#34ceaaf29ae5368bf3626e7971742a224e789f85"
    integrity sha512-QFEnVvIKYPCermM+ESxEztgUgXzGSKpnPnohMYNvSZySqmOLu/4VvxiZbRO/BX9J3ZHcUgaw4vKm5VBZRrycxw==
    dependencies:
      "@aws-sdk/types" "3.413.0"
      "@smithy/property-provider" "^2.0.0"
      "@smithy/protocol-http" "^3.0.3"
      "@smithy/signature-v4" "^2.0.0"
      "@smithy/types" "^2.3.1"
      "@smithy/util-middleware" "^2.0.0"
      tslib "^2.5.0"
  
  "@aws-sdk/middleware-ssec@3.413.0":
    version "3.413.0"
    resolved "https://registry.yarnpkg.com/@aws-sdk/middleware-ssec/-/middleware-ssec-3.413.0.tgz#bfb9a0a0a903e34d3bbb104e4de17843e17d1dd7"
    integrity sha512-MQNksEnhjObNLgE2zRd0OltdijQuqHaArP3FygtdeE2bCXc/D5mCpUX8fgDC5grQIBNdRdaar2YL62UxFsHWrw==
    dependencies:
      "@aws-sdk/types" "3.413.0"
      "@smithy/types" "^2.3.1"
      tslib "^2.5.0"
  
  "@aws-sdk/middleware-user-agent@3.413.0":
    version "3.413.0"
    resolved "https://registry.yarnpkg.com/@aws-sdk/middleware-user-agent/-/middleware-user-agent-3.413.0.tgz#83b3199613d5b974ab1ec7fa9e6312999bca0341"
    integrity sha512-eVMJyeWxNBqerhfD+sE9sTjDtwQiECrfU6wpUQP5fGPhJD2cVVZPxuTuJGDZCu/4k/V61dF85IYlsPUNLdVQ6w==
    dependencies:
      "@aws-sdk/types" "3.413.0"
      "@aws-sdk/util-endpoints" "3.413.0"
      "@smithy/protocol-http" "^3.0.3"
      "@smithy/types" "^2.3.1"
      tslib "^2.5.0"
  
  "@aws-sdk/region-config-resolver@3.413.0":
    version "3.413.0"
    resolved "https://registry.yarnpkg.com/@aws-sdk/region-config-resolver/-/region-config-resolver-3.413.0.tgz#30f9098d491c88768fcfca6e1e94f9f0da1e441e"
    integrity sha512-h90e6yyOhvoc+1F5vFk3C5mxwB8RSDEMKTO/fxexyur94seczZ1yxyYkTMZv30oc9RUiToABlHNrh/wxL7TZPQ==
    dependencies:
      "@smithy/node-config-provider" "^2.0.10"
      "@smithy/types" "^2.3.1"
      "@smithy/util-config-provider" "^2.0.0"
      "@smithy/util-middleware" "^2.0.0"
      tslib "^2.5.0"
  
  "@aws-sdk/signature-v4-multi-region@3.413.0":
    version "3.413.0"
    resolved "https://registry.yarnpkg.com/@aws-sdk/signature-v4-multi-region/-/signature-v4-multi-region-3.413.0.tgz#e7a90743f767abcd10b6b15136aebe929f3c0850"
    integrity sha512-4USefVS5HPeJ8Yx0j6l84837adWGTifGpnltD+4mIgvpGp/hW3EkwvJko6i4cnLbeY8D2+8XvgT9YN1LUhvFmg==
    dependencies:
      "@aws-sdk/types" "3.413.0"
      "@smithy/protocol-http" "^3.0.3"
      "@smithy/signature-v4" "^2.0.0"
      "@smithy/types" "^2.3.1"
      tslib "^2.5.0"
  
  "@aws-sdk/token-providers@3.413.0":
    version "3.413.0"
    resolved "https://registry.yarnpkg.com/@aws-sdk/token-providers/-/token-providers-3.413.0.tgz#0b47e78b6997d74abcc34b5b2f9d2b5882c35340"
    integrity sha512-NfP1Ib9LAWVLMTOa/1aJwt4TRrlRrNyukCpVZGfNaMnNNEoP5Rakdbcs8KFVHe/MJzU+GdKVzxQ4TgRkLOGTrA==
    dependencies:
      "@aws-crypto/sha256-browser" "3.0.0"
      "@aws-crypto/sha256-js" "3.0.0"
      "@aws-sdk/middleware-host-header" "3.413.0"
      "@aws-sdk/middleware-logger" "3.413.0"
      "@aws-sdk/middleware-recursion-detection" "3.413.0"
      "@aws-sdk/middleware-user-agent" "3.413.0"
      "@aws-sdk/types" "3.413.0"
      "@aws-sdk/util-endpoints" "3.413.0"
      "@aws-sdk/util-user-agent-browser" "3.413.0"
      "@aws-sdk/util-user-agent-node" "3.413.0"
      "@smithy/config-resolver" "^2.0.8"
      "@smithy/fetch-http-handler" "^2.1.3"
      "@smithy/hash-node" "^2.0.7"
      "@smithy/invalid-dependency" "^2.0.7"
      "@smithy/middleware-content-length" "^2.0.9"
      "@smithy/middleware-endpoint" "^2.0.7"
      "@smithy/middleware-retry" "^2.0.10"
      "@smithy/middleware-serde" "^2.0.7"
      "@smithy/middleware-stack" "^2.0.0"
      "@smithy/node-config-provider" "^2.0.10"
      "@smithy/node-http-handler" "^2.1.3"
      "@smithy/property-provider" "^2.0.0"
      "@smithy/protocol-http" "^3.0.3"
      "@smithy/shared-ini-file-loader" "^2.0.6"
      "@smithy/smithy-client" "^2.1.4"
      "@smithy/types" "^2.3.1"
      "@smithy/url-parser" "^2.0.7"
      "@smithy/util-base64" "^2.0.0"
      "@smithy/util-body-length-browser" "^2.0.0"
      "@smithy/util-body-length-node" "^2.1.0"
      "@smithy/util-defaults-mode-browser" "^2.0.8"
      "@smithy/util-defaults-mode-node" "^2.0.10"
      "@smithy/util-retry" "^2.0.0"
      "@smithy/util-utf8" "^2.0.0"
      tslib "^2.5.0"
  
  "@aws-sdk/types@3.413.0", "@aws-sdk/types@^3.222.0":
    version "3.413.0"
    resolved "https://registry.yarnpkg.com/@aws-sdk/types/-/types-3.413.0.tgz#55b935d1668913a0e48ab5ddb4d9b95ff8707c02"
    integrity sha512-j1xib0f/TazIFc5ySIKOlT1ujntRbaoG4LJFeEezz4ji03/wSJMI8Vi4KjzpBp8J1tTu0oRDnsxRIGixsUBeYQ==
    dependencies:
      "@smithy/types" "^2.3.1"
      tslib "^2.5.0"
  
  "@aws-sdk/util-arn-parser@3.310.0":
    version "3.310.0"
    resolved "https://registry.yarnpkg.com/@aws-sdk/util-arn-parser/-/util-arn-parser-3.310.0.tgz#861ff8810851be52a320ec9e4786f15b5fc74fba"
    integrity sha512-jL8509owp/xB9+Or0pvn3Fe+b94qfklc2yPowZZIFAkFcCSIdkIglz18cPDWnYAcy9JGewpMS1COXKIUhZkJsA==
    dependencies:
      tslib "^2.5.0"
  
  "@aws-sdk/util-endpoints@3.413.0":
    version "3.413.0"
    resolved "https://registry.yarnpkg.com/@aws-sdk/util-endpoints/-/util-endpoints-3.413.0.tgz#bf69260f1bde4dcb2041709539af5ad9a1b09295"
    integrity sha512-VAwr7cITNb1L6/2XUPIbCOuhKGm0VtKCRblurrfUF2bxqG/wtuw/2Fm4ahYJPyxklOSXAMSq+RHdFWcir0YB/g==
    dependencies:
      "@aws-sdk/types" "3.413.0"
      tslib "^2.5.0"
  
  "@aws-sdk/util-locate-window@^3.0.0":
    version "3.310.0"
    resolved "https://registry.yarnpkg.com/@aws-sdk/util-locate-window/-/util-locate-window-3.310.0.tgz#b071baf050301adee89051032bd4139bba32cc40"
    integrity sha512-qo2t/vBTnoXpjKxlsC2e1gBrRm80M3bId27r0BRB2VniSSe7bL1mmzM+/HFtujm0iAxtPM+aLEflLJlJeDPg0w==
    dependencies:
      tslib "^2.5.0"
  
  "@aws-sdk/util-user-agent-browser@3.413.0":
    version "3.413.0"
    resolved "https://registry.yarnpkg.com/@aws-sdk/util-user-agent-browser/-/util-user-agent-browser-3.413.0.tgz#a96b2466ee8acddc3c8b1f9402514ee13774963c"
    integrity sha512-7j/qWcRO2OBZBre2fC6V6M0PAS9n7k6i+VtofPkkhxC2DZszLJElqnooF9hGmVGYK3zR47Np4WjURXKIEZclWg==
    dependencies:
      "@aws-sdk/types" "3.413.0"
      "@smithy/types" "^2.3.1"
      bowser "^2.11.0"
      tslib "^2.5.0"
  
  "@aws-sdk/util-user-agent-node@3.413.0":
    version "3.413.0"
    resolved "https://registry.yarnpkg.com/@aws-sdk/util-user-agent-node/-/util-user-agent-node-3.413.0.tgz#5bb89e41171b9e2cc5f8017ae073244c7753ad1d"
    integrity sha512-vHm9TVZIzfWMeDvdmoOky6VarqOt8Pr68CESHN0jyuO6XbhCDnr9rpaXiBhbSR+N1Qm7R/AfJgAhQyTMu2G1OA==
    dependencies:
      "@aws-sdk/types" "3.413.0"
      "@smithy/node-config-provider" "^2.0.10"
      "@smithy/types" "^2.3.1"
      tslib "^2.5.0"
  
  "@aws-sdk/util-utf8-browser@^3.0.0":
    version "3.259.0"
    resolved "https://registry.yarnpkg.com/@aws-sdk/util-utf8-browser/-/util-utf8-browser-3.259.0.tgz#3275a6f5eb334f96ca76635b961d3c50259fd9ff"
    integrity sha512-UvFa/vR+e19XookZF8RzFZBrw2EUkQWxiBW0yYQAhvk3C+QVGl0H3ouca8LDBlBfQKXwmW3huo/59H8rwb1wJw==
    dependencies:
      tslib "^2.3.1"
  
  "@aws-sdk/xml-builder@3.310.0":
    version "3.310.0"
    resolved "https://registry.yarnpkg.com/@aws-sdk/xml-builder/-/xml-builder-3.310.0.tgz#f0236f2103b438d16117e0939a6305ad69b7ff76"
    integrity sha512-TqELu4mOuSIKQCqj63fGVs86Yh+vBx5nHRpWKNUNhB2nPTpfbziTs5c1X358be3peVWA4wPxW7Nt53KIg1tnNw==
    dependencies:
      tslib "^2.5.0"
  
  "@cspotcode/source-map-support@^0.8.0":
    version "0.8.1"
    resolved "https://registry.yarnpkg.com/@cspotcode/source-map-support/-/source-map-support-0.8.1.tgz#00629c35a688e05a88b1cda684fb9d5e73f000a1"
    integrity sha512-IchNf6dN4tHoMFIn/7OE8LWZ19Y6q/67Bmf6vnGREv8RSbBVb9LPJxEcnwrcwX6ixSvaiGoomAUvu4YSxXrVgw==
    dependencies:
      "@jridgewell/trace-mapping" "0.3.9"
  
  "@jridgewell/resolve-uri@^3.0.3":
    version "3.1.1"
    resolved "https://registry.yarnpkg.com/@jridgewell/resolve-uri/-/resolve-uri-3.1.1.tgz#c08679063f279615a3326583ba3a90d1d82cc721"
    integrity sha512-dSYZh7HhCDtCKm4QakX0xFpsRDqjjtZf/kjI/v3T3Nwt5r8/qz/M19F9ySyOqU94SXBmeG9ttTul+YnR4LOxFA==
  
  "@jridgewell/sourcemap-codec@^1.4.10":
    version "1.4.15"
    resolved "https://registry.yarnpkg.com/@jridgewell/sourcemap-codec/-/sourcemap-codec-1.4.15.tgz#d7c6e6755c78567a951e04ab52ef0fd26de59f32"
    integrity sha512-eF2rxCRulEKXHTRiDrDy6erMYWqNw4LPdQ8UQA4huuxaQsVeRPFl2oM8oDGxMFhJUWZf9McpLtJasDDZb/Bpeg==
  
  "@jridgewell/trace-mapping@0.3.9":
    version "0.3.9"
    resolved "https://registry.yarnpkg.com/@jridgewell/trace-mapping/-/trace-mapping-0.3.9.tgz#6534fd5933a53ba7cbf3a17615e273a0d1273ff9"
    integrity sha512-3Belt6tdc8bPgAtbcmdtNJlirVoTmEb5e2gC94PnkwEW9jI6CAHUeoG85tjWP5WquqfavoMtMwiG4P926ZKKuQ==
    dependencies:
      "@jridgewell/resolve-uri" "^3.0.3"
      "@jridgewell/sourcemap-codec" "^1.4.10"
  
  "@smithy/abort-controller@^2.0.9":
    version "2.0.9"
    resolved "https://registry.yarnpkg.com/@smithy/abort-controller/-/abort-controller-2.0.9.tgz#f4b9ce1a9a09d446cf24d8bc1abc2b3b524cd7cd"
    integrity sha512-8liHOEbx99xcy4VndeQNQhyA0LS+e7UqsuRnDTSIA26IKBv/7vA9w09KOd4fgNULrvX0r3WpA6cwsQTRJpSWkg==
    dependencies:
      "@smithy/types" "^2.3.3"
      tslib "^2.5.0"
  
  "@smithy/chunked-blob-reader-native@^2.0.0":
    version "2.0.0"
    resolved "https://registry.yarnpkg.com/@smithy/chunked-blob-reader-native/-/chunked-blob-reader-native-2.0.0.tgz#f6d0eeeb5481026b68b054f45540d924c194d558"
    integrity sha512-HM8V2Rp1y8+1343tkZUKZllFhEQPNmpNdgFAncbTsxkZ18/gqjk23XXv3qGyXWp412f3o43ZZ1UZHVcHrpRnCQ==
    dependencies:
      "@smithy/util-base64" "^2.0.0"
      tslib "^2.5.0"
  
  "@smithy/chunked-blob-reader@^2.0.0":
    version "2.0.0"
    resolved "https://registry.yarnpkg.com/@smithy/chunked-blob-reader/-/chunked-blob-reader-2.0.0.tgz#c44fe2c780eaf77f9e5381d982ac99a880cce51b"
    integrity sha512-k+J4GHJsMSAIQPChGBrjEmGS+WbPonCXesoqP9fynIqjn7rdOThdH8FAeCmokP9mxTYKQAKoHCLPzNlm6gh7Wg==
    dependencies:
      tslib "^2.5.0"
  
  "@smithy/config-resolver@^2.0.10", "@smithy/config-resolver@^2.0.8":
    version "2.0.10"
    resolved "https://registry.yarnpkg.com/@smithy/config-resolver/-/config-resolver-2.0.10.tgz#974de532e6048d86b8b7aa1fed17a75c558c41c8"
    integrity sha512-MwToDsCltHjumkCuRn883qoNeJUawc2b8sX9caSn5vLz6J5crU1IklklNxWCaMO2z2nDL91Po4b/aI1eHv5PfA==
    dependencies:
      "@smithy/node-config-provider" "^2.0.12"
      "@smithy/types" "^2.3.3"
      "@smithy/util-config-provider" "^2.0.0"
      "@smithy/util-middleware" "^2.0.2"
      tslib "^2.5.0"
  
  "@smithy/credential-provider-imds@^2.0.0", "@smithy/credential-provider-imds@^2.0.12":
    version "2.0.12"
    resolved "https://registry.yarnpkg.com/@smithy/credential-provider-imds/-/credential-provider-imds-2.0.12.tgz#787dc731903dd1b07f5e35e6c1d63ca74d1d3356"
    integrity sha512-S3lUNe+2fEFwKcmiQniXGPXt69vaHvQCw8kYQOBL4OvJsgwfpkIYDZdroHbTshYi0M6WaKL26Mw+hvgma6dZqA==
    dependencies:
      "@smithy/node-config-provider" "^2.0.12"
      "@smithy/property-provider" "^2.0.10"
      "@smithy/types" "^2.3.3"
      "@smithy/url-parser" "^2.0.9"
      tslib "^2.5.0"
  
  "@smithy/eventstream-codec@^2.0.9":
    version "2.0.9"
    resolved "https://registry.yarnpkg.com/@smithy/eventstream-codec/-/eventstream-codec-2.0.9.tgz#aa588d4083c9a16f14896d780e2fff0b34ef2c35"
    integrity sha512-sy0pcbKnawt1iu+qCoSFbs/h9PAaUgvlJEO3lqkE1HFFj4p5RgL98vH+9CyDoj6YY82cG5XsorFmcLqQJHTOYw==
    dependencies:
      "@aws-crypto/crc32" "3.0.0"
      "@smithy/types" "^2.3.3"
      "@smithy/util-hex-encoding" "^2.0.0"
      tslib "^2.5.0"
  
  "@smithy/eventstream-serde-browser@^2.0.7":
    version "2.0.9"
    resolved "https://registry.yarnpkg.com/@smithy/eventstream-serde-browser/-/eventstream-serde-browser-2.0.9.tgz#9c595348d5e1a9c140a92bfe0235e9a282ef9c88"
    integrity sha512-g70enHZau2hGj1Uxedrn8AAjH9E7RnpHdwkuPKapagah53ztbwI7xaNeA5SLD4MjSjdrjathyQBCQKIzwXrR1g==
    dependencies:
      "@smithy/eventstream-serde-universal" "^2.0.9"
      "@smithy/types" "^2.3.3"
      tslib "^2.5.0"
  
  "@smithy/eventstream-serde-config-resolver@^2.0.7":
    version "2.0.9"
    resolved "https://registry.yarnpkg.com/@smithy/eventstream-serde-config-resolver/-/eventstream-serde-config-resolver-2.0.9.tgz#580a0f54182f90a61f50b84a675aed728d08f8af"
    integrity sha512-+15GzIMtdSuRPyuCeGZ7gzgD94Ejv6eM1vKcqvipdzS+i36KTZ2A9aZsJk+gDw//OCD1EMx9SqpV6bUvMS4PWg==
    dependencies:
      "@smithy/types" "^2.3.3"
      tslib "^2.5.0"
  
  "@smithy/eventstream-serde-node@^2.0.7":
    version "2.0.9"
    resolved "https://registry.yarnpkg.com/@smithy/eventstream-serde-node/-/eventstream-serde-node-2.0.9.tgz#07109906bcbabe5c2f2c5f2cf3cd75f352f3ab75"
    integrity sha512-UEJcvN2WXXEjkewtFkj1S2HSZLbyCgzUnfoFPrTuKy4+xRfakO5dNx6ws2h1pvb8Vc7mTuBL+Webl1R5mnVsXA==
    dependencies:
      "@smithy/eventstream-serde-universal" "^2.0.9"
      "@smithy/types" "^2.3.3"
      tslib "^2.5.0"
  
  "@smithy/eventstream-serde-universal@^2.0.9":
    version "2.0.9"
    resolved "https://registry.yarnpkg.com/@smithy/eventstream-serde-universal/-/eventstream-serde-universal-2.0.9.tgz#c8613768f14664c6b5fab299b24bb9141bbdecc3"
    integrity sha512-dAHQEYlK/1tjjieBE7jjXwpLQFgKdkvC4HSQf+/Jj4t34XbUmXWHbw92/EuLp9+vjNB/JQPvkwpMtN31jxIDeg==
    dependencies:
      "@smithy/eventstream-codec" "^2.0.9"
      "@smithy/types" "^2.3.3"
      tslib "^2.5.0"
  
  "@smithy/fetch-http-handler@^2.1.3", "@smithy/fetch-http-handler@^2.1.5":
    version "2.1.5"
    resolved "https://registry.yarnpkg.com/@smithy/fetch-http-handler/-/fetch-http-handler-2.1.5.tgz#0764e232482320b9f2f8ec9c79ebdfa214a761fb"
    integrity sha512-BIeCHGfr5JCGN+EMTwZK74ELvjPXOIrI7OLM5OhZJJ6AmZyRv2S9ANJk18AtLwht0TsSm+8WoXIEp8LuxNgUyA==
    dependencies:
      "@smithy/protocol-http" "^3.0.5"
      "@smithy/querystring-builder" "^2.0.9"
      "@smithy/types" "^2.3.3"
      "@smithy/util-base64" "^2.0.0"
      tslib "^2.5.0"
  
  "@smithy/hash-blob-browser@^2.0.7":
    version "2.0.9"
    resolved "https://registry.yarnpkg.com/@smithy/hash-blob-browser/-/hash-blob-browser-2.0.9.tgz#e02caf03bdd036343bc53883330a1b03fc26a34e"
    integrity sha512-JNWOV1ci9vIg4U82klNr07bZXsA6OCumqHugpvZdvvn6cNGwTa4rvpS5FpPcqKeh3Rdg1rr4h8g+X6zyOamnZw==
    dependencies:
      "@smithy/chunked-blob-reader" "^2.0.0"
      "@smithy/chunked-blob-reader-native" "^2.0.0"
      "@smithy/types" "^2.3.3"
      tslib "^2.5.0"
  
  "@smithy/hash-node@^2.0.7":
    version "2.0.9"
    resolved "https://registry.yarnpkg.com/@smithy/hash-node/-/hash-node-2.0.9.tgz#51811dabd2990eec1fc003dd6aaa8b8db95cc1eb"
    integrity sha512-XP3yWd5wyCtiVmsY5Nuq/FUwyCEQ6YG7DsvRh7ThldNukGpCzyFdP8eivZJVjn4Fx7oYrrOnVoYZ0WEgpW1AvQ==
    dependencies:
      "@smithy/types" "^2.3.3"
      "@smithy/util-buffer-from" "^2.0.0"
      "@smithy/util-utf8" "^2.0.0"
      tslib "^2.5.0"
  
  "@smithy/hash-stream-node@^2.0.7":
    version "2.0.9"
    resolved "https://registry.yarnpkg.com/@smithy/hash-stream-node/-/hash-stream-node-2.0.9.tgz#ecdfef5980702fd8449bdf0f9077b9fabbdfd5a9"
    integrity sha512-3nrkMpiOrhsJvJS6K4OkP0qvA3U5r8PpseXULeGd1ZD1EbfcZ30Lvl72FGaaHskwWZyTPR4czr1d/RwLRCVHNA==
    dependencies:
      "@smithy/types" "^2.3.3"
      "@smithy/util-utf8" "^2.0.0"
      tslib "^2.5.0"
  
  "@smithy/invalid-dependency@^2.0.7":
    version "2.0.9"
    resolved "https://registry.yarnpkg.com/@smithy/invalid-dependency/-/invalid-dependency-2.0.9.tgz#9c8ebb70f0d1670490ae51c078d7240ac7cb9ddb"
    integrity sha512-RuJqhYf8nViK96IIO9JbTtjDUuFItVfuuJhWw2yk7fv67yltQ7fZD6IQ2OsHHluoVmstnQJuCg5raXJR696Ubw==
    dependencies:
      "@smithy/types" "^2.3.3"
      tslib "^2.5.0"
  
  "@smithy/is-array-buffer@^2.0.0":
    version "2.0.0"
    resolved "https://registry.yarnpkg.com/@smithy/is-array-buffer/-/is-array-buffer-2.0.0.tgz#8fa9b8040651e7ba0b2f6106e636a91354ff7d34"
    integrity sha512-z3PjFjMyZNI98JFRJi/U0nGoLWMSJlDjAW4QUX2WNZLas5C0CmVV6LJ01JI0k90l7FvpmixjWxPFmENSClQ7ug==
    dependencies:
      tslib "^2.5.0"
  
  "@smithy/md5-js@^2.0.7":
    version "2.0.9"
    resolved "https://registry.yarnpkg.com/@smithy/md5-js/-/md5-js-2.0.9.tgz#37eb5b6a4d8a978429623a91d3aa389c904ac1f5"
    integrity sha512-ALHGoTZDgBXBbjCpQzVy6hpa6Rdr6e2jyEw51d6CQOUpHkUnFH7G96UWhVwUnkP0xozPCvmWy+3+j2QUX+oK9w==
    dependencies:
      "@smithy/types" "^2.3.3"
      "@smithy/util-utf8" "^2.0.0"
      tslib "^2.5.0"
  
  "@smithy/middleware-content-length@^2.0.9":
    version "2.0.11"
    resolved "https://registry.yarnpkg.com/@smithy/middleware-content-length/-/middleware-content-length-2.0.11.tgz#3d046f917cb0975caf6af2de96c9622cfa3c33ca"
    integrity sha512-Malj4voNTL4+a5ZL3a6+Ij7JTUMTa2R7c3ZIBzMxN5OUUgAspU7uFi1Q97f4B0afVh2joQBAWH5IQJUG25nl8g==
    dependencies:
      "@smithy/protocol-http" "^3.0.5"
      "@smithy/types" "^2.3.3"
      tslib "^2.5.0"
  
  "@smithy/middleware-endpoint@^2.0.7":
    version "2.0.9"
    resolved "https://registry.yarnpkg.com/@smithy/middleware-endpoint/-/middleware-endpoint-2.0.9.tgz#2a8b5098cc124923a7104db7578314b4193a62f6"
    integrity sha512-72/o8R6AAO4+nyTI6h4z6PYGTSA4dr1M7tZz29U8DEUHuh1YkhC77js0P6RyF9G0wDLuYqxb+Yh0crI5WG2pJg==
    dependencies:
      "@smithy/middleware-serde" "^2.0.9"
      "@smithy/types" "^2.3.3"
      "@smithy/url-parser" "^2.0.9"
      "@smithy/util-middleware" "^2.0.2"
      tslib "^2.5.0"
  
  "@smithy/middleware-retry@^2.0.10":
    version "2.0.12"
    resolved "https://registry.yarnpkg.com/@smithy/middleware-retry/-/middleware-retry-2.0.12.tgz#d297d7cc5f40e8908aa1495060155b40e24f1ce7"
    integrity sha512-YQ/ufXX4/d9/+Jf1QQ4J+CVeupC7BW52qldBTvRV33PDX9vxndlAwkFwzBcmnUFC3Hjf1//HW6I77EItcjNSCA==
    dependencies:
      "@smithy/node-config-provider" "^2.0.12"
      "@smithy/protocol-http" "^3.0.5"
      "@smithy/service-error-classification" "^2.0.2"
      "@smithy/types" "^2.3.3"
      "@smithy/util-middleware" "^2.0.2"
      "@smithy/util-retry" "^2.0.2"
      tslib "^2.5.0"
      uuid "^8.3.2"
  
  "@smithy/middleware-serde@^2.0.7", "@smithy/middleware-serde@^2.0.9":
    version "2.0.9"
    resolved "https://registry.yarnpkg.com/@smithy/middleware-serde/-/middleware-serde-2.0.9.tgz#cf0028f18dc96648de212870c9726844084dd89a"
    integrity sha512-GVbauxrr6WmtCaesakktg3t5LR/yDbajpC7KkWc8rtCpddMI4ShAVO5Q6DqwX8MDFi4CLaY8H7eTGcxhl3jbLg==
    dependencies:
      "@smithy/types" "^2.3.3"
      tslib "^2.5.0"
  
  "@smithy/middleware-stack@^2.0.0", "@smithy/middleware-stack@^2.0.3":
    version "2.0.3"
    resolved "https://registry.yarnpkg.com/@smithy/middleware-stack/-/middleware-stack-2.0.3.tgz#86b9d13d7b01208b59f9510eb6b08f8556ef6915"
    integrity sha512-AlhPmbwpkC4lQBVaVHXczmjFvsAhDHhrakqLt038qFLotnJcvDLhmMzAtu23alBeOSkKxkTQq0LsAt2N0WpAbw==
    dependencies:
      "@smithy/types" "^2.3.3"
      tslib "^2.5.0"
  
  "@smithy/node-config-provider@^2.0.10", "@smithy/node-config-provider@^2.0.12":
    version "2.0.12"
    resolved "https://registry.yarnpkg.com/@smithy/node-config-provider/-/node-config-provider-2.0.12.tgz#59ef195dab5f00ea15abeb356e1fc2f41e4d54f2"
    integrity sha512-df9y9ywv+JmS40Y60ZqJ4jfZiTCmyHQffwzIqjBjLJLJl0imf9F6DWBd+jiEWHvlohR+sFhyY+KL/qzKgnAq1A==
    dependencies:
      "@smithy/property-provider" "^2.0.10"
      "@smithy/shared-ini-file-loader" "^2.0.11"
      "@smithy/types" "^2.3.3"
      tslib "^2.5.0"
  
  "@smithy/node-http-handler@^2.1.3", "@smithy/node-http-handler@^2.1.5":
    version "2.1.5"
    resolved "https://registry.yarnpkg.com/@smithy/node-http-handler/-/node-http-handler-2.1.5.tgz#b1ad4c4b7cdbb5774aeeaaf0bd14b78c6c267460"
    integrity sha512-52uF+BrZaFiBh+NT/bADiVDCQO91T+OwDRsuaAeWZC1mlCXFjAPPQdxeQohtuYOe9m7mPP/xIMNiqbe8jvndHA==
    dependencies:
      "@smithy/abort-controller" "^2.0.9"
      "@smithy/protocol-http" "^3.0.5"
      "@smithy/querystring-builder" "^2.0.9"
      "@smithy/types" "^2.3.3"
      tslib "^2.5.0"
  
  "@smithy/property-provider@^2.0.0", "@smithy/property-provider@^2.0.10":
    version "2.0.10"
    resolved "https://registry.yarnpkg.com/@smithy/property-provider/-/property-provider-2.0.10.tgz#6ed80935deff770459717c402af26e925076f32b"
    integrity sha512-YMBVfh0ZMmJtbsUn+WfSwR32iRljZPdRN0Tn2GAcdJ+ejX8WrBXD7Z0jIkQDrQZr8fEuuv5x8WxMIj+qVbsPQw==
    dependencies:
      "@smithy/types" "^2.3.3"
      tslib "^2.5.0"
  
  "@smithy/protocol-http@^3.0.3", "@smithy/protocol-http@^3.0.5":
    version "3.0.5"
    resolved "https://registry.yarnpkg.com/@smithy/protocol-http/-/protocol-http-3.0.5.tgz#a143bf54382c6f7c8cdf2c67d3be101a9b7b486c"
    integrity sha512-3t3fxj+ip4EPHRC2fQ0JimMxR/qCQ1LSQJjZZVZFgROnFLYWPDgUZqpoi7chr+EzatxJVXF/Rtoi5yLHOWCoZQ==
    dependencies:
      "@smithy/types" "^2.3.3"
      tslib "^2.5.0"
  
  "@smithy/querystring-builder@^2.0.9":
    version "2.0.9"
    resolved "https://registry.yarnpkg.com/@smithy/querystring-builder/-/querystring-builder-2.0.9.tgz#97e3731b6e6fef533ab0b063b0007f6a545c0291"
    integrity sha512-Yt6CPF4j3j1cuwod/DRflbuXxBFjJm7gAjy6W1RE21Rz5/kfGFqiZBXWmmXwGtnnhiLThYwoHK4S6/TQtnx0Fg==
    dependencies:
      "@smithy/types" "^2.3.3"
      "@smithy/util-uri-escape" "^2.0.0"
      tslib "^2.5.0"
  
  "@smithy/querystring-parser@^2.0.9":
    version "2.0.9"
    resolved "https://registry.yarnpkg.com/@smithy/querystring-parser/-/querystring-parser-2.0.9.tgz#a372fcb652df0c8110aa3ffbf6bc6b512e11a78c"
    integrity sha512-U6z4N743s4vrcxPW8p8+reLV0PjMCYEyb1/wtMVvv3VnbJ74gshdI8SR1sBnEh95cF8TxonmX5IxY25tS9qGfg==
    dependencies:
      "@smithy/types" "^2.3.3"
      tslib "^2.5.0"
  
  "@smithy/service-error-classification@^2.0.2":
    version "2.0.2"
    resolved "https://registry.yarnpkg.com/@smithy/service-error-classification/-/service-error-classification-2.0.2.tgz#2fcc703ecb2c0f2880a53427a1ecd8530fcccc34"
    integrity sha512-GTUd2j63gKy7A+ggvSdn2hc4sejG7LWfE+ZMF17vzWoNyqERWbRP7HTPS0d0Lwg1p6OQCAzvNigSrEIWVFt6iA==
    dependencies:
      "@smithy/types" "^2.3.3"
  
  "@smithy/shared-ini-file-loader@^2.0.11", "@smithy/shared-ini-file-loader@^2.0.6":
    version "2.0.11"
    resolved "https://registry.yarnpkg.com/@smithy/shared-ini-file-loader/-/shared-ini-file-loader-2.0.11.tgz#33dcad2941884e0f9423b0cfc0f2d2bcc74425d3"
    integrity sha512-Sf0u5C5px6eykXi6jImDTp+edvG3REtPjXnFWU/J+b7S2wkXwUqFXqBL5DdM4zC1F+M8u57ZT7NRqDwMOw7/Tw==
    dependencies:
      "@smithy/types" "^2.3.3"
      tslib "^2.5.0"
  
  "@smithy/signature-v4@^2.0.0":
    version "2.0.9"
    resolved "https://registry.yarnpkg.com/@smithy/signature-v4/-/signature-v4-2.0.9.tgz#d971fed260107a815fb26f1746a1b496f654dd39"
    integrity sha512-RkHP0joSI1j2EI+mU55sOi33/aMMkKdL9ZY+SWrPxsiCe1oyzzuy79Tpn8X7uT+t0ilNmQlwPpkP/jUy940pEA==
    dependencies:
      "@smithy/eventstream-codec" "^2.0.9"
      "@smithy/is-array-buffer" "^2.0.0"
      "@smithy/types" "^2.3.3"
      "@smithy/util-hex-encoding" "^2.0.0"
      "@smithy/util-middleware" "^2.0.2"
      "@smithy/util-uri-escape" "^2.0.0"
      "@smithy/util-utf8" "^2.0.0"
      tslib "^2.5.0"
  
  "@smithy/smithy-client@^2.1.4", "@smithy/smithy-client@^2.1.7":
    version "2.1.7"
    resolved "https://registry.yarnpkg.com/@smithy/smithy-client/-/smithy-client-2.1.7.tgz#76b1f3ad9d95bd32afea3113132549be66c5eb12"
    integrity sha512-r6T/oiBQ8vCbGqObH4/h0YqD0jFB1hAS9KFRmuTfaNJueu/L2hjmjqFjv3PV5lkbNHTgUYraSv4cFQ1naxiELQ==
    dependencies:
      "@smithy/middleware-stack" "^2.0.3"
      "@smithy/types" "^2.3.3"
      "@smithy/util-stream" "^2.0.12"
      tslib "^2.5.0"
  
  "@smithy/types@^2.3.1", "@smithy/types@^2.3.3":
    version "2.3.3"
    resolved "https://registry.yarnpkg.com/@smithy/types/-/types-2.3.3.tgz#8770dea9b0e36c404d99a867d50b2fa6454f28aa"
    integrity sha512-zTdIPR9PvFVNRdIKMQu4M5oyTaycIbUqLheQqaOi9rTWPkgjGO2wDBxMA1rBHQB81aqAEv+DbSS4jfKyQMnXRA==
    dependencies:
      tslib "^2.5.0"
  
  "@smithy/url-parser@^2.0.7", "@smithy/url-parser@^2.0.9":
    version "2.0.9"
    resolved "https://registry.yarnpkg.com/@smithy/url-parser/-/url-parser-2.0.9.tgz#0ea656c5e9b167082861ff1ff82ebb7459b09ab3"
    integrity sha512-NBnJ0NiY8z6E82Xd5VYUFQfKwK/wA/+QkKmpYUYP+cpH3aCzE6g2gvixd9vQKYjsIdRfNPCf+SFAozt8ljozOw==
    dependencies:
      "@smithy/querystring-parser" "^2.0.9"
      "@smithy/types" "^2.3.3"
      tslib "^2.5.0"
  
  "@smithy/util-base64@^2.0.0":
    version "2.0.0"
    resolved "https://registry.yarnpkg.com/@smithy/util-base64/-/util-base64-2.0.0.tgz#1beeabfb155471d1d41c8d0603be1351f883c444"
    integrity sha512-Zb1E4xx+m5Lud8bbeYi5FkcMJMnn+1WUnJF3qD7rAdXpaL7UjkFQLdmW5fHadoKbdHpwH9vSR8EyTJFHJs++tA==
    dependencies:
      "@smithy/util-buffer-from" "^2.0.0"
      tslib "^2.5.0"
  
  "@smithy/util-body-length-browser@^2.0.0":
    version "2.0.0"
    resolved "https://registry.yarnpkg.com/@smithy/util-body-length-browser/-/util-body-length-browser-2.0.0.tgz#5447853003b4c73da3bc5f3c5e82c21d592d1650"
    integrity sha512-JdDuS4ircJt+FDnaQj88TzZY3+njZ6O+D3uakS32f2VNnDo3vyEuNdBOh/oFd8Df1zSZOuH1HEChk2AOYDezZg==
    dependencies:
      tslib "^2.5.0"
  
  "@smithy/util-body-length-node@^2.1.0":
    version "2.1.0"
    resolved "https://registry.yarnpkg.com/@smithy/util-body-length-node/-/util-body-length-node-2.1.0.tgz#313a5f7c5017947baf5fa018bfc22628904bbcfa"
    integrity sha512-/li0/kj/y3fQ3vyzn36NTLGmUwAICb7Jbe/CsWCktW363gh1MOcpEcSO3mJ344Gv2dqz8YJCLQpb6hju/0qOWw==
    dependencies:
      tslib "^2.5.0"
  
  "@smithy/util-buffer-from@^2.0.0":
    version "2.0.0"
    resolved "https://registry.yarnpkg.com/@smithy/util-buffer-from/-/util-buffer-from-2.0.0.tgz#7eb75d72288b6b3001bc5f75b48b711513091deb"
    integrity sha512-/YNnLoHsR+4W4Vf2wL5lGv0ksg8Bmk3GEGxn2vEQt52AQaPSCuaO5PM5VM7lP1K9qHRKHwrPGktqVoAHKWHxzw==
    dependencies:
      "@smithy/is-array-buffer" "^2.0.0"
      tslib "^2.5.0"
  
  "@smithy/util-config-provider@^2.0.0":
    version "2.0.0"
    resolved "https://registry.yarnpkg.com/@smithy/util-config-provider/-/util-config-provider-2.0.0.tgz#4dd6a793605559d94267312fd06d0f58784b4c38"
    integrity sha512-xCQ6UapcIWKxXHEU4Mcs2s7LcFQRiU3XEluM2WcCjjBtQkUN71Tb+ydGmJFPxMUrW/GWMgQEEGipLym4XG0jZg==
    dependencies:
      tslib "^2.5.0"
  
  "@smithy/util-defaults-mode-browser@^2.0.8":
    version "2.0.11"
    resolved "https://registry.yarnpkg.com/@smithy/util-defaults-mode-browser/-/util-defaults-mode-browser-2.0.11.tgz#46807747f3ca21a13770fc49e4bfb2bbc61a59c8"
    integrity sha512-0syV1Mz/mCQ7CG/MHKQfH+w86xq59jpD0EOXv5oe0WBXLmq2lWPpVHl2Y6+jQ+/9fYzyZ5NF+NC/WEIuiv690A==
    dependencies:
      "@smithy/property-provider" "^2.0.10"
      "@smithy/smithy-client" "^2.1.7"
      "@smithy/types" "^2.3.3"
      bowser "^2.11.0"
      tslib "^2.5.0"
  
  "@smithy/util-defaults-mode-node@^2.0.10":
    version "2.0.13"
    resolved "https://registry.yarnpkg.com/@smithy/util-defaults-mode-node/-/util-defaults-mode-node-2.0.13.tgz#aebdc44696f9713d0e9e65ca140b45122710c1df"
    integrity sha512-6BtCHYdw5Z8r6KpW8tRCc3yURgvcQwfIEeHhR70BeSOfx8T/TXPPjb8A+K45+KASspa3fzrsSxeIwB0sAeMoHA==
    dependencies:
      "@smithy/config-resolver" "^2.0.10"
      "@smithy/credential-provider-imds" "^2.0.12"
      "@smithy/node-config-provider" "^2.0.12"
      "@smithy/property-provider" "^2.0.10"
      "@smithy/smithy-client" "^2.1.7"
      "@smithy/types" "^2.3.3"
      tslib "^2.5.0"
  
  "@smithy/util-hex-encoding@^2.0.0":
    version "2.0.0"
    resolved "https://registry.yarnpkg.com/@smithy/util-hex-encoding/-/util-hex-encoding-2.0.0.tgz#0aa3515acd2b005c6d55675e377080a7c513b59e"
    integrity sha512-c5xY+NUnFqG6d7HFh1IFfrm3mGl29lC+vF+geHv4ToiuJCBmIfzx6IeHLg+OgRdPFKDXIw6pvi+p3CsscaMcMA==
    dependencies:
      tslib "^2.5.0"
  
  "@smithy/util-middleware@^2.0.0", "@smithy/util-middleware@^2.0.2":
    version "2.0.2"
    resolved "https://registry.yarnpkg.com/@smithy/util-middleware/-/util-middleware-2.0.2.tgz#9529ba2c57c26a57e4a59af88ac7c36c69cffb7d"
    integrity sha512-UGPZM+Ja/vke5pc/S8G0LNiHpVirtjppsXO+GK9m9wbzRGzPJTfnZA/gERUUN/AfxEy/8SL7U1kd7u4t2X8K1w==
    dependencies:
      "@smithy/types" "^2.3.3"
      tslib "^2.5.0"
  
  "@smithy/util-retry@^2.0.0", "@smithy/util-retry@^2.0.2":
    version "2.0.2"
    resolved "https://registry.yarnpkg.com/@smithy/util-retry/-/util-retry-2.0.2.tgz#a328ec9580a160faa2a25247543fa4bd036a7426"
    integrity sha512-ovWiayUB38moZcLhSFFfUgB2IMb7R1JfojU20qSahjxAgfOZvDWme3eOYUMtAVnouZ9kYJiFgHLy27qRH4NeeA==
    dependencies:
      "@smithy/service-error-classification" "^2.0.2"
      "@smithy/types" "^2.3.3"
      tslib "^2.5.0"
  
  "@smithy/util-stream@^2.0.10", "@smithy/util-stream@^2.0.12":
    version "2.0.12"
    resolved "https://registry.yarnpkg.com/@smithy/util-stream/-/util-stream-2.0.12.tgz#12682792e368794c4b890a14db4ce85272e3259d"
    integrity sha512-FOCpRLaj6gvSyUC5mJAACT+sPMPmp9sD1o+hVbUH/QxwZfulypA3ZIFdAg/59/IY0d/1Q4CTztsiHEB5LgjN4g==
    dependencies:
      "@smithy/fetch-http-handler" "^2.1.5"
      "@smithy/node-http-handler" "^2.1.5"
      "@smithy/types" "^2.3.3"
      "@smithy/util-base64" "^2.0.0"
      "@smithy/util-buffer-from" "^2.0.0"
      "@smithy/util-hex-encoding" "^2.0.0"
      "@smithy/util-utf8" "^2.0.0"
      tslib "^2.5.0"
  
  "@smithy/util-uri-escape@^2.0.0":
    version "2.0.0"
    resolved "https://registry.yarnpkg.com/@smithy/util-uri-escape/-/util-uri-escape-2.0.0.tgz#19955b1a0f517a87ae77ac729e0e411963dfda95"
    integrity sha512-ebkxsqinSdEooQduuk9CbKcI+wheijxEb3utGXkCoYQkJnwTnLbH1JXGimJtUkQwNQbsbuYwG2+aFVyZf5TLaw==
    dependencies:
      tslib "^2.5.0"
  
  "@smithy/util-utf8@^2.0.0":
    version "2.0.0"
    resolved "https://registry.yarnpkg.com/@smithy/util-utf8/-/util-utf8-2.0.0.tgz#b4da87566ea7757435e153799df9da717262ad42"
    integrity sha512-rctU1VkziY84n5OXe3bPNpKR001ZCME2JCaBBFgtiM2hfKbHFudc/BkMuPab8hRbLd0j3vbnBTTZ1igBf0wgiQ==
    dependencies:
      "@smithy/util-buffer-from" "^2.0.0"
      tslib "^2.5.0"
  
  "@smithy/util-waiter@^2.0.7":
    version "2.0.9"
    resolved "https://registry.yarnpkg.com/@smithy/util-waiter/-/util-waiter-2.0.9.tgz#c9f1967f8313f194cb00a7d5c3f279643d4960d1"
    integrity sha512-Hy9Cs0FtIacC1aVFk98bm/7CYqim9fnHAPRnV/SB2mj02ExYs/9Dn5SrNQmtTBTLCn65KqYnNVBNS8GuGpZOOw==
    dependencies:
      "@smithy/abort-controller" "^2.0.9"
      "@smithy/types" "^2.3.3"
      tslib "^2.5.0"
  
  "@tsconfig/node10@^1.0.7":
    version "1.0.9"
    resolved "https://registry.yarnpkg.com/@tsconfig/node10/-/node10-1.0.9.tgz#df4907fc07a886922637b15e02d4cebc4c0021b2"
    integrity sha512-jNsYVVxU8v5g43Erja32laIDHXeoNvFEpX33OK4d6hljo3jDhCBDhx5dhCCTMWUojscpAagGiRkBKxpdl9fxqA==
  
  "@tsconfig/node12@^1.0.7":
    version "1.0.11"
    resolved "https://registry.yarnpkg.com/@tsconfig/node12/-/node12-1.0.11.tgz#ee3def1f27d9ed66dac6e46a295cffb0152e058d"
    integrity sha512-cqefuRsh12pWyGsIoBKJA9luFu3mRxCA+ORZvA4ktLSzIuCUtWVxGIuXigEwO5/ywWFMZ2QEGKWvkZG1zDMTag==
  
  "@tsconfig/node14@^1.0.0":
    version "1.0.3"
    resolved "https://registry.yarnpkg.com/@tsconfig/node14/-/node14-1.0.3.tgz#e4386316284f00b98435bf40f72f75a09dabf6c1"
    integrity sha512-ysT8mhdixWK6Hw3i1V2AeRqZ5WfXg1G43mqoYlM2nc6388Fq5jcXyr5mRsqViLx/GJYdoL0bfXD8nmF+Zn/Iow==
  
  "@tsconfig/node16@^1.0.2":
    version "1.0.4"
    resolved "https://registry.yarnpkg.com/@tsconfig/node16/-/node16-1.0.4.tgz#0b92dcc0cc1c81f6f306a381f28e31b1a56536e9"
    integrity sha512-vxhUy4J8lyeyinH7Azl1pdd43GJhZH/tP2weN8TntQblOY+A0XbT8DJk1/oCPuOOyg/Ja757rG0CgHcWC8OfMA==
  
  "@types/node@^20.6.3":
    version "20.6.3"
    resolved "https://registry.yarnpkg.com/@types/node/-/node-20.6.3.tgz#5b763b321cd3b80f6b8dde7a37e1a77ff9358dd9"
    integrity sha512-HksnYH4Ljr4VQgEy2lTStbCKv/P590tmPe5HqOnv9Gprffgv5WXAY+Y5Gqniu0GGqeTCUdBnzC3QSrzPkBkAMA==
  
  abbrev@1:
    version "1.1.1"
    resolved "https://registry.yarnpkg.com/abbrev/-/abbrev-1.1.1.tgz#f8f2c887ad10bf67f634f005b6987fed3179aac8"
    integrity sha512-nne9/IiQ/hzIhY6pdDnbBtz7DjPTKrY00P/zvPSm5pOFkl6xuGrGnXn/VtTNNfNtAfZ9/1RtehkszU9qcTii0Q==
  
  acorn-walk@^8.1.1:
    version "8.2.0"
    resolved "https://registry.yarnpkg.com/acorn-walk/-/acorn-walk-8.2.0.tgz#741210f2e2426454508853a2f44d0ab83b7f69c1"
    integrity sha512-k+iyHEuPgSw6SbuDpGQM+06HQUa04DZ3o+F6CSzXMvvI5KMvnaEqXe+YVe555R9nn6GPt404fos4wcgpw12SDA==
  
  acorn@^8.4.1:
    version "8.10.0"
    resolved "https://registry.yarnpkg.com/acorn/-/acorn-8.10.0.tgz#8be5b3907a67221a81ab23c7889c4c5526b62ec5"
    integrity sha512-F0SAmZ8iUtS//m8DmCTA0jlh6TDKkHQyK6xc6V4KDTyZKA9dnvX9/3sRTVQrWm79glUAZbnmmNcdYwUIHWVybw==
  
  anymatch@~3.1.2:
    version "3.1.3"
    resolved "https://registry.yarnpkg.com/anymatch/-/anymatch-3.1.3.tgz#790c58b19ba1720a84205b57c618d5ad8524973e"
    integrity sha512-KMReFUr0B4t+D+OBkjR3KYqvocp2XaSzO55UcB6mgQMd3KbcE+mWTyvVV7D/zsdEbNnV6acZUutkiHQXvTr1Rw==
    dependencies:
      normalize-path "^3.0.0"
      picomatch "^2.0.4"
  
  arg@^4.1.0:
    version "4.1.3"
    resolved "https://registry.yarnpkg.com/arg/-/arg-4.1.3.tgz#269fc7ad5b8e42cb63c896d5666017261c144089"
    integrity sha512-58S9QDqG0Xx27YwPSt9fJxivjYl432YCwfDMfZ+71RAqUrZef7LrKQZ3LHLOwCS4FLNBplP533Zx895SeOCHvA==
  
  available-typed-arrays@^1.0.5:
    version "1.0.5"
    resolved "https://registry.yarnpkg.com/available-typed-arrays/-/available-typed-arrays-1.0.5.tgz#92f95616501069d07d10edb2fc37d3e1c65123b7"
    integrity sha512-DMD0KiN46eipeziST1LPP/STfDU0sufISXmjSgvVsoU2tqxctQeASejWcfNtxYKqETM1UxQ8sp2OrSBWpHY6sw==
  
  aws-sdk@^2.1462.0:
    version "2.1462.0"
    resolved "https://registry.yarnpkg.com/aws-sdk/-/aws-sdk-2.1462.0.tgz#7d5fd9aca5357098e940655fd4e541f1c58982b8"
    integrity sha512-gEcp/YWUp0zrM/LujI3cTLbOTK6XLwGSHWQII57jjRvjsIMacLomnIcd7fGKSfREAIHr5saexISRsnXhfI+Vgw==
    dependencies:
      buffer "4.9.2"
      events "1.1.1"
      ieee754 "1.1.13"
      jmespath "0.16.0"
      querystring "0.2.0"
      sax "1.2.1"
      url "0.10.3"
      util "^0.12.4"
      uuid "8.0.0"
      xml2js "0.5.0"
  
  balanced-match@^1.0.0:
    version "1.0.2"
    resolved "https://registry.yarnpkg.com/balanced-match/-/balanced-match-1.0.2.tgz#e83e3a7e3f300b34cb9d87f615fa0cbf357690ee"
    integrity sha512-3oSeUO0TMV67hN1AmbXsK4yaqU7tjiHlbxRDZOpH0KW9+CeX4bRAaX0Anxt0tx2MrpRpWwQaPwIlISEJhYU5Pw==
  
  base64-js@^1.0.2:
    version "1.5.1"
    resolved "https://registry.yarnpkg.com/base64-js/-/base64-js-1.5.1.tgz#1b1b440160a5bf7ad40b650f095963481903930a"
    integrity sha512-AKpaYlHn8t4SVbOHCy+b5+KKgvR4vrsD8vbvrbiQJps7fKDTkjkDry6ji0rUJjC0kzbNePLwzxq8iypo41qeWA==
  
  binary-extensions@^2.0.0:
    version "2.2.0"
    resolved "https://registry.yarnpkg.com/binary-extensions/-/binary-extensions-2.2.0.tgz#75f502eeaf9ffde42fc98829645be4ea76bd9e2d"
    integrity sha512-jDctJ/IVQbZoJykoeHbhXpOlNBqGNcwXJKJog42E5HDPUwQTSdjCHdihjj0DlnheQ7blbT6dHOafNAiS8ooQKA==
  
  bowser@^2.11.0:
    version "2.11.0"
    resolved "https://registry.yarnpkg.com/bowser/-/bowser-2.11.0.tgz#5ca3c35757a7aa5771500c70a73a9f91ef420a8f"
    integrity sha512-AlcaJBi/pqqJBIQ8U9Mcpc9i8Aqxn88Skv5d+xBX006BY5u8N3mGLHa5Lgppa7L/HfwgwLgZ6NYs+Ag6uUmJRA==
  
  brace-expansion@^1.1.7:
    version "1.1.11"
    resolved "https://registry.yarnpkg.com/brace-expansion/-/brace-expansion-1.1.11.tgz#3c7fcbf529d87226f3d2f52b966ff5271eb441dd"
    integrity sha512-iCuPHDFgrHX7H2vEI/5xpz07zSHB00TpugqhmYtVmMO6518mCuRMoOYFldEBl0g187ufozdaHgWKcYFb61qGiA==
    dependencies:
      balanced-match "^1.0.0"
      concat-map "0.0.1"
  
  braces@~3.0.2:
    version "3.0.2"
    resolved "https://registry.yarnpkg.com/braces/-/braces-3.0.2.tgz#3454e1a462ee8d599e236df336cd9ea4f8afe107"
    integrity sha512-b8um+L1RzM3WDSzvhm6gIz1yfTbBt6YTlcEKAvsmqCZZFw46z626lVj9j1yEPW33H5H+lBQpZMP1k8l+78Ha0A==
    dependencies:
      fill-range "^7.0.1"
  
  buffer@4.9.2:
    version "4.9.2"
    resolved "https://registry.yarnpkg.com/buffer/-/buffer-4.9.2.tgz#230ead344002988644841ab0244af8c44bbe3ef8"
    integrity sha512-xq+q3SRMOxGivLhBNaUdC64hDTQwejJ+H0T/NB1XMtTVEwNTrfFF3gAxiyW0Bu/xWEGhjVKgUcMhCrUy2+uCWg==
    dependencies:
      base64-js "^1.0.2"
      ieee754 "^1.1.4"
      isarray "^1.0.0"
  
  call-bind@^1.0.2:
    version "1.0.2"
    resolved "https://registry.yarnpkg.com/call-bind/-/call-bind-1.0.2.tgz#b1d4e89e688119c3c9a903ad30abb2f6a919be3c"
    integrity sha512-7O+FbCihrB5WGbFYesctwmTKae6rOiIzmz1icreWJ+0aA7LJfuqhEso2T9ncpcFtzMQtzXf2QGGueWJGTYsqrA==
    dependencies:
      function-bind "^1.1.1"
      get-intrinsic "^1.0.2"
  
  chokidar@^3.5.2:
    version "3.5.3"
    resolved "https://registry.yarnpkg.com/chokidar/-/chokidar-3.5.3.tgz#1cf37c8707b932bd1af1ae22c0432e2acd1903bd"
    integrity sha512-Dr3sfKRP6oTcjf2JmUmFJfeVMvXBdegxB0iVQ5eb2V10uFJUCAS8OByZdVAyVb8xXNz3GjjTgj9kLWsZTqE6kw==
    dependencies:
      anymatch "~3.1.2"
      braces "~3.0.2"
      glob-parent "~5.1.2"
      is-binary-path "~2.1.0"
      is-glob "~4.0.1"
      normalize-path "~3.0.0"
      readdirp "~3.6.0"
    optionalDependencies:
      fsevents "~2.3.2"
  
  concat-map@0.0.1:
    version "0.0.1"
    resolved "https://registry.yarnpkg.com/concat-map/-/concat-map-0.0.1.tgz#d8a96bd77fd68df7793a73036a3ba0d5405d477b"
    integrity sha512-/Srv4dswyQNBfohGpz9o6Yb3Gz3SrUDqBH5rTuhGR7ahtlbYKnVxw2bCFMRljaA7EXHaXZ8wsHdodFvbkhKmqg==
  
  create-require@^1.1.0:
    version "1.1.1"
    resolved "https://registry.yarnpkg.com/create-require/-/create-require-1.1.1.tgz#c1d7e8f1e5f6cfc9ff65f9cd352d37348756c333"
    integrity sha512-dcKFX3jn0MpIaXjisoRvexIJVEKzaq7z2rZKxf+MSr9TkdmHmsU4m2lcLojrj/FHl8mk5VxMmYA+ftRkP/3oKQ==
  
  debug@^3.2.7:
    version "3.2.7"
    resolved "https://registry.yarnpkg.com/debug/-/debug-3.2.7.tgz#72580b7e9145fb39b6676f9c5e5fb100b934179a"
    integrity sha512-CFjzYYAi4ThfiQvizrFQevTTXHtnCqWfe7x1AhgEscTz6ZbLbfoLRLPugTQyBth6f8ZERVUSyWHFD/7Wu4t1XQ==
    dependencies:
      ms "^2.1.1"
  
  diff@^4.0.1:
    version "4.0.2"
    resolved "https://registry.yarnpkg.com/diff/-/diff-4.0.2.tgz#60f3aecb89d5fae520c11aa19efc2bb982aade7d"
    integrity sha512-58lmxKSA4BNyLz+HHMUzlOEpg09FV+ev6ZMe3vJihgdxzgcwZ8VoEEPmALCZG9LmqfVoNMMKpttIYTVG6uDY7A==
  
  events@1.1.1:
    version "1.1.1"
    resolved "https://registry.yarnpkg.com/events/-/events-1.1.1.tgz#9ebdb7635ad099c70dcc4c2a1f5004288e8bd924"
    integrity sha512-kEcvvCBByWXGnZy6JUlgAp2gBIUjfCAV6P6TgT1/aaQKcmuAEC4OZTV1I4EWQLz2gxZw76atuVyvHhTxvi0Flw==
  
  fast-xml-parser@4.2.5:
    version "4.2.5"
    resolved "https://registry.yarnpkg.com/fast-xml-parser/-/fast-xml-parser-4.2.5.tgz#a6747a09296a6cb34f2ae634019bf1738f3b421f"
    integrity sha512-B9/wizE4WngqQftFPmdaMYlXoJlJOYxGQOanC77fq9k8+Z0v5dDSVh+3glErdIROP//s/jgb7ZuxKfB8nVyo0g==
    dependencies:
      strnum "^1.0.5"
  
  fill-range@^7.0.1:
    version "7.0.1"
    resolved "https://registry.yarnpkg.com/fill-range/-/fill-range-7.0.1.tgz#1919a6a7c75fe38b2c7c77e5198535da9acdda40"
    integrity sha512-qOo9F+dMUmC2Lcb4BbVvnKJxTPjCm+RRpe4gDuGrzkL7mEVl/djYSu2OdQ2Pa302N4oqkSg9ir6jaLWJ2USVpQ==
    dependencies:
      to-regex-range "^5.0.1"
  
  for-each@^0.3.3:
    version "0.3.3"
    resolved "https://registry.yarnpkg.com/for-each/-/for-each-0.3.3.tgz#69b447e88a0a5d32c3e7084f3f1710034b21376e"
    integrity sha512-jqYfLp7mo9vIyQf8ykW2v7A+2N4QjeCeI5+Dz9XraiO1ign81wjiH7Fb9vSOWvQfNtmSa4H2RoQTrrXivdUZmw==
    dependencies:
      is-callable "^1.1.3"
  
  fsevents@~2.3.2:
    version "2.3.3"
    resolved "https://registry.yarnpkg.com/fsevents/-/fsevents-2.3.3.tgz#cac6407785d03675a2a5e1a5305c697b347d90d6"
    integrity sha512-5xoDfX+fL7faATnagmWPpbFtwh/R77WmMMqqHGS65C3vvB0YHrgF+B1YmZ3441tMj5n63k0212XNoJwzlhffQw==
  
  function-bind@^1.1.1:
    version "1.1.1"
    resolved "https://registry.yarnpkg.com/function-bind/-/function-bind-1.1.1.tgz#a56899d3ea3c9bab874bb9773b7c5ede92f4895d"
    integrity sha512-yIovAzMX49sF8Yl58fSCWJ5svSLuaibPxXQJFLmBObTuCr0Mf1KiPopGM9NiFjiYBCbfaa2Fh6breQ6ANVTI0A==
  
  get-intrinsic@^1.0.2, get-intrinsic@^1.1.3:
    version "1.2.1"
    resolved "https://registry.yarnpkg.com/get-intrinsic/-/get-intrinsic-1.2.1.tgz#d295644fed4505fc9cde952c37ee12b477a83d82"
    integrity sha512-2DcsyfABl+gVHEfCOaTrWgyt+tb6MSEGmKq+kI5HwLbIYgjgmMcV8KQ41uaKz1xxUcn9tJtgFbQUEVcEbd0FYw==
    dependencies:
      function-bind "^1.1.1"
      has "^1.0.3"
      has-proto "^1.0.1"
      has-symbols "^1.0.3"
  
  glob-parent@~5.1.2:
    version "5.1.2"
    resolved "https://registry.yarnpkg.com/glob-parent/-/glob-parent-5.1.2.tgz#869832c58034fe68a4093c17dc15e8340d8401c4"
    integrity sha512-AOIgSQCepiJYwP3ARnGx+5VnTu2HBYdzbGP45eLw1vr3zB3vZLeyed1sC9hnbcOc9/SrMyM5RPQrkGz4aS9Zow==
    dependencies:
      is-glob "^4.0.1"
  
  gopd@^1.0.1:
    version "1.0.1"
    resolved "https://registry.yarnpkg.com/gopd/-/gopd-1.0.1.tgz#29ff76de69dac7489b7c0918a5788e56477c332c"
    integrity sha512-d65bNlIadxvpb/A2abVdlqKqV563juRnZ1Wtk6s1sIR8uNsXR70xqIzVqxVf1eTqDunwT2MkczEeaezCKTZhwA==
    dependencies:
      get-intrinsic "^1.1.3"
  
  has-flag@^3.0.0:
    version "3.0.0"
    resolved "https://registry.yarnpkg.com/has-flag/-/has-flag-3.0.0.tgz#b5d454dc2199ae225699f3467e5a07f3b955bafd"
    integrity sha512-sKJf1+ceQBr4SMkvQnBDNDtf4TXpVhVGateu0t918bl30FnbE2m4vNLX+VWe/dpjlb+HugGYzW7uQXH98HPEYw==
  
  has-proto@^1.0.1:
    version "1.0.1"
    resolved "https://registry.yarnpkg.com/has-proto/-/has-proto-1.0.1.tgz#1885c1305538958aff469fef37937c22795408e0"
    integrity sha512-7qE+iP+O+bgF9clE5+UoBFzE65mlBiVj3tKCrlNQ0Ogwm0BjpT/gK4SlLYDMybDh5I3TCTKnPPa0oMG7JDYrhg==
  
  has-symbols@^1.0.2, has-symbols@^1.0.3:
    version "1.0.3"
    resolved "https://registry.yarnpkg.com/has-symbols/-/has-symbols-1.0.3.tgz#bb7b2c4349251dce87b125f7bdf874aa7c8b39f8"
    integrity sha512-l3LCuF6MgDNwTDKkdYGEihYjt5pRPbEg46rtlmnSPlUbgmB8LOIrKJbYYFBSbnPaJexMKtiPO8hmeRjRz2Td+A==
  
  has-tostringtag@^1.0.0:
    version "1.0.0"
    resolved "https://registry.yarnpkg.com/has-tostringtag/-/has-tostringtag-1.0.0.tgz#7e133818a7d394734f941e73c3d3f9291e658b25"
    integrity sha512-kFjcSNhnlGV1kyoGk7OXKSawH5JOb/LzUc5w9B02hOTO0dfFRjbHQKvg1d6cf3HbeUmtU9VbbV3qzZ2Teh97WQ==
    dependencies:
      has-symbols "^1.0.2"
  
  has@^1.0.3:
    version "1.0.3"
    resolved "https://registry.yarnpkg.com/has/-/has-1.0.3.tgz#722d7cbfc1f6aa8241f16dd814e011e1f41e8796"
    integrity sha512-f2dvO0VU6Oej7RkWJGrehjbzMAjFp5/VKPp5tTpWIV4JHHZK1/BxbFRtf/siA2SWTe09caDmVtYYzWEIbBS4zw==
    dependencies:
      function-bind "^1.1.1"
  
  ieee754@1.1.13:
    version "1.1.13"
    resolved "https://registry.yarnpkg.com/ieee754/-/ieee754-1.1.13.tgz#ec168558e95aa181fd87d37f55c32bbcb6708b84"
    integrity sha512-4vf7I2LYV/HaWerSo3XmlMkp5eZ83i+/CDluXi/IGTs/O1sejBNhTtnxzmRZfvOUqj7lZjqHkeTvpgSFDlWZTg==
  
  ieee754@^1.1.4:
    version "1.2.1"
    resolved "https://registry.yarnpkg.com/ieee754/-/ieee754-1.2.1.tgz#8eb7a10a63fff25d15a57b001586d177d1b0d352"
    integrity sha512-dcyqhDvX1C46lXZcVqCpK+FtMRQVdIMN6/Df5js2zouUsqG7I6sFxitIC+7KYK29KdXOLHdu9zL4sFnoVQnqaA==
  
  ignore-by-default@^1.0.1:
    version "1.0.1"
    resolved "https://registry.yarnpkg.com/ignore-by-default/-/ignore-by-default-1.0.1.tgz#48ca6d72f6c6a3af00a9ad4ae6876be3889e2b09"
    integrity sha512-Ius2VYcGNk7T90CppJqcIkS5ooHUZyIQK+ClZfMfMNFEF9VSE73Fq+906u/CWu92x4gzZMWOwfFYckPObzdEbA==
  
  inherits@^2.0.3:
    version "2.0.4"
    resolved "https://registry.yarnpkg.com/inherits/-/inherits-2.0.4.tgz#0fa2c64f932917c3433a0ded55363aae37416b7c"
    integrity sha512-k/vGaX4/Yla3WzyMCvTQOXYeIHvqOKtnqBduzTHpzpQZzAskKMhZ2K+EnBiSM9zGSoIFeMpXKxa4dYeZIQqewQ==
  
  is-arguments@^1.0.4:
    version "1.1.1"
    resolved "https://registry.yarnpkg.com/is-arguments/-/is-arguments-1.1.1.tgz#15b3f88fda01f2a97fec84ca761a560f123efa9b"
    integrity sha512-8Q7EARjzEnKpt/PCD7e1cgUS0a6X8u5tdSiMqXhojOdoV9TsMsiO+9VLC5vAmO8N7/GmXn7yjR8qnA6bVAEzfA==
    dependencies:
      call-bind "^1.0.2"
      has-tostringtag "^1.0.0"
  
  is-binary-path@~2.1.0:
    version "2.1.0"
    resolved "https://registry.yarnpkg.com/is-binary-path/-/is-binary-path-2.1.0.tgz#ea1f7f3b80f064236e83470f86c09c254fb45b09"
    integrity sha512-ZMERYes6pDydyuGidse7OsHxtbI7WVeUEozgR/g7rd0xUimYNlvZRE/K2MgZTjWy725IfelLeVcEM97mmtRGXw==
    dependencies:
      binary-extensions "^2.0.0"
  
  is-callable@^1.1.3:
    version "1.2.7"
    resolved "https://registry.yarnpkg.com/is-callable/-/is-callable-1.2.7.tgz#3bc2a85ea742d9e36205dcacdd72ca1fdc51b055"
    integrity sha512-1BC0BVFhS/p0qtw6enp8e+8OD0UrK0oFLztSjNzhcKA3WDuJxxAPXzPuPtKkjEY9UUoEWlX/8fgKeu2S8i9JTA==
  
  is-extglob@^2.1.1:
    version "2.1.1"
    resolved "https://registry.yarnpkg.com/is-extglob/-/is-extglob-2.1.1.tgz#a88c02535791f02ed37c76a1b9ea9773c833f8c2"
    integrity sha512-SbKbANkN603Vi4jEZv49LeVJMn4yGwsbzZworEoyEiutsN3nJYdbO36zfhGJ6QEDpOZIFkDtnq5JRxmvl3jsoQ==
  
  is-generator-function@^1.0.7:
    version "1.0.10"
    resolved "https://registry.yarnpkg.com/is-generator-function/-/is-generator-function-1.0.10.tgz#f1558baf1ac17e0deea7c0415c438351ff2b3c72"
    integrity sha512-jsEjy9l3yiXEQ+PsXdmBwEPcOxaXWLspKdplFUVI9vq1iZgIekeC0L167qeu86czQaxed3q/Uzuw0swL0irL8A==
    dependencies:
      has-tostringtag "^1.0.0"
  
  is-glob@^4.0.1, is-glob@~4.0.1:
    version "4.0.3"
    resolved "https://registry.yarnpkg.com/is-glob/-/is-glob-4.0.3.tgz#64f61e42cbbb2eec2071a9dac0b28ba1e65d5084"
    integrity sha512-xelSayHH36ZgE7ZWhli7pW34hNbNl8Ojv5KVmkJD4hBdD3th8Tfk9vYasLM+mXWOZhFkgZfxhLSnrwRr4elSSg==
    dependencies:
      is-extglob "^2.1.1"
  
  is-number@^7.0.0:
    version "7.0.0"
    resolved "https://registry.yarnpkg.com/is-number/-/is-number-7.0.0.tgz#7535345b896734d5f80c4d06c50955527a14f12b"
    integrity sha512-41Cifkg6e8TylSpdtTpeLVMqvSBEVzTttHvERD741+pnZ8ANv0004MRL43QKPDlK9cGvNp6NZWZUBlbGXYxxng==
  
  is-typed-array@^1.1.3:
    version "1.1.12"
    resolved "https://registry.yarnpkg.com/is-typed-array/-/is-typed-array-1.1.12.tgz#d0bab5686ef4a76f7a73097b95470ab199c57d4a"
    integrity sha512-Z14TF2JNG8Lss5/HMqt0//T9JeHXttXy5pH/DBU4vi98ozO2btxzq9MwYDZYnKwU8nRsz/+GVFVRDq3DkVuSPg==
    dependencies:
      which-typed-array "^1.1.11"
  
  isarray@^1.0.0:
    version "1.0.0"
    resolved "https://registry.yarnpkg.com/isarray/-/isarray-1.0.0.tgz#bb935d48582cba168c06834957a54a3e07124f11"
    integrity sha512-VLghIWNM6ELQzo7zwmcg0NmTVyWKYjvIeM83yjp0wRDTmUnrM678fQbcKBo6n2CJEF0szoG//ytg+TKla89ALQ==
  
  jmespath@0.16.0:
    version "0.16.0"
    resolved "https://registry.yarnpkg.com/jmespath/-/jmespath-0.16.0.tgz#b15b0a85dfd4d930d43e69ed605943c802785076"
    integrity sha512-9FzQjJ7MATs1tSpnco1K6ayiYE3figslrXA72G2HQ/n76RzvYlofyi5QM+iX4YRs/pu3yzxlVQSST23+dMDknw==
  
  lru-cache@^6.0.0:
    version "6.0.0"
    resolved "https://registry.yarnpkg.com/lru-cache/-/lru-cache-6.0.0.tgz#6d6fe6570ebd96aaf90fcad1dafa3b2566db3a94"
    integrity sha512-Jo6dJ04CmSjuznwJSS3pUeWmd/H0ffTlkXXgwZi+eq1UCmqQwCh+eLsYOYCwY991i2Fah4h1BEMCx4qThGbsiA==
    dependencies:
      yallist "^4.0.0"
  
  make-error@^1.1.1:
    version "1.3.6"
    resolved "https://registry.yarnpkg.com/make-error/-/make-error-1.3.6.tgz#2eb2e37ea9b67c4891f684a1394799af484cf7a2"
    integrity sha512-s8UhlNe7vPKomQhC1qFelMokr/Sc3AgNbso3n74mVPA5LTZwkB9NlXf4XPamLxJE8h0gh73rM94xvwRT2CVInw==
  
  minimatch@^3.1.2:
    version "3.1.2"
    resolved "https://registry.yarnpkg.com/minimatch/-/minimatch-3.1.2.tgz#19cd194bfd3e428f049a70817c038d89ab4be35b"
    integrity sha512-J7p63hRiAjw1NDEww1W7i37+ByIrOWO5XQQAzZ3VOcL0PNybwpfmV/N05zFAzwQ9USyEcX6t3UO+K5aqBQOIHw==
    dependencies:
      brace-expansion "^1.1.7"
  
  ms@^2.1.1:
    version "2.1.3"
    resolved "https://registry.yarnpkg.com/ms/-/ms-2.1.3.tgz#574c8138ce1d2b5861f0b44579dbadd60c6615b2"
    integrity sha512-6FlzubTLZG3J2a/NVCAleEhjzq5oxgHyaCU9yYXvcLsvoVaHJq/s5xXI6/XXP6tz7R9xAOtHnSO/tXtF3WRTlA==
  
  nodemon@^3.0.1:
    version "3.0.1"
    resolved "https://registry.yarnpkg.com/nodemon/-/nodemon-3.0.1.tgz#affe822a2c5f21354466b2fc8ae83277d27dadc7"
    integrity sha512-g9AZ7HmkhQkqXkRc20w+ZfQ73cHLbE8hnPbtaFbFtCumZsjyMhKk9LajQ07U5Ux28lvFjZ5X7HvWR1xzU8jHVw==
    dependencies:
      chokidar "^3.5.2"
      debug "^3.2.7"
      ignore-by-default "^1.0.1"
      minimatch "^3.1.2"
      pstree.remy "^1.1.8"
      semver "^7.5.3"
      simple-update-notifier "^2.0.0"
      supports-color "^5.5.0"
      touch "^3.1.0"
      undefsafe "^2.0.5"
  
  nopt@~1.0.10:
    version "1.0.10"
    resolved "https://registry.yarnpkg.com/nopt/-/nopt-1.0.10.tgz#6ddd21bd2a31417b92727dd585f8a6f37608ebee"
    integrity sha512-NWmpvLSqUrgrAC9HCuxEvb+PSloHpqVu+FqcO4eeF2h5qYRhA7ev6KvelyQAKtegUbC6RypJnlEOhd8vloNKYg==
    dependencies:
      abbrev "1"
  
  normalize-path@^3.0.0, normalize-path@~3.0.0:
    version "3.0.0"
    resolved "https://registry.yarnpkg.com/normalize-path/-/normalize-path-3.0.0.tgz#0dcd69ff23a1c9b11fd0978316644a0388216a65"
    integrity sha512-6eZs5Ls3WtCisHWp9S2GUy8dqkpGi4BVSz3GaqiE6ezub0512ESztXUwUB6C6IKbQkY2Pnb/mD4WYojCRwcwLA==
  
  picomatch@^2.0.4, picomatch@^2.2.1:
    version "2.3.1"
    resolved "https://registry.yarnpkg.com/picomatch/-/picomatch-2.3.1.tgz#3ba3833733646d9d3e4995946c1365a67fb07a42"
    integrity sha512-JU3teHTNjmE2VCGFzuY8EXzCDVwEqB2a8fsIvwaStHhAWJEeVd1o1QD80CU6+ZdEXXSLbSsuLwJjkCBWqRQUVA==
  
  pstree.remy@^1.1.8:
    version "1.1.8"
    resolved "https://registry.yarnpkg.com/pstree.remy/-/pstree.remy-1.1.8.tgz#c242224f4a67c21f686839bbdb4ac282b8373d3a"
    integrity sha512-77DZwxQmxKnu3aR542U+X8FypNzbfJ+C5XQDk3uWjWxn6151aIMGthWYRXTqT1E5oJvg+ljaa2OJi+VfvCOQ8w==
  
  punycode@1.3.2:
    version "1.3.2"
    resolved "https://registry.yarnpkg.com/punycode/-/punycode-1.3.2.tgz#9653a036fb7c1ee42342f2325cceefea3926c48d"
    integrity sha512-RofWgt/7fL5wP1Y7fxE7/EmTLzQVnB0ycyibJ0OOHIlJqTNzglYFxVwETOcIoJqJmpDXJ9xImDv+Fq34F/d4Dw==
  
  querystring@0.2.0:
    version "0.2.0"
    resolved "https://registry.yarnpkg.com/querystring/-/querystring-0.2.0.tgz#b209849203bb25df820da756e747005878521620"
    integrity sha512-X/xY82scca2tau62i9mDyU9K+I+djTMUsvwf7xnUX5GLvVzgJybOJf4Y6o9Zx3oJK/LSXg5tTZBjwzqVPaPO2g==
  
  readdirp@~3.6.0:
    version "3.6.0"
    resolved "https://registry.yarnpkg.com/readdirp/-/readdirp-3.6.0.tgz#74a370bd857116e245b29cc97340cd431a02a6c7"
    integrity sha512-hOS089on8RduqdbhvQ5Z37A0ESjsqz6qnRcffsMU3495FuTdqSm+7bhJ29JvIOsBDEEnan5DPu9t3To9VRlMzA==
    dependencies:
      picomatch "^2.2.1"
  
  sax@1.2.1:
    version "1.2.1"
    resolved "https://registry.yarnpkg.com/sax/-/sax-1.2.1.tgz#7b8e656190b228e81a66aea748480d828cd2d37a"
    integrity sha512-8I2a3LovHTOpm7NV5yOyO8IHqgVsfK4+UuySrXU8YXkSRX7k6hCV9b3HrkKCr3nMpgj+0bmocaJJWpvp1oc7ZA==
  
  sax@>=0.6.0:
    version "1.2.4"
    resolved "https://registry.yarnpkg.com/sax/-/sax-1.2.4.tgz#2816234e2378bddc4e5354fab5caa895df7100d9"
    integrity sha512-NqVDv9TpANUjFm0N8uM5GxL36UgKi9/atZw+x7YFnQ8ckwFGKrl4xX4yWtrey3UJm5nP1kUbnYgLopqWNSRhWw==
  
  semver@^7.5.3:
    version "7.5.4"
    resolved "https://registry.yarnpkg.com/semver/-/semver-7.5.4.tgz#483986ec4ed38e1c6c48c34894a9182dbff68a6e"
    integrity sha512-1bCSESV6Pv+i21Hvpxp3Dx+pSD8lIPt8uVjRrxAUt/nbswYc+tK6Y2btiULjd4+fnq15PX+nqQDC7Oft7WkwcA==
    dependencies:
      lru-cache "^6.0.0"
  
  simple-update-notifier@^2.0.0:
    version "2.0.0"
    resolved "https://registry.yarnpkg.com/simple-update-notifier/-/simple-update-notifier-2.0.0.tgz#d70b92bdab7d6d90dfd73931195a30b6e3d7cebb"
    integrity sha512-a2B9Y0KlNXl9u/vsW6sTIu9vGEpfKu2wRV6l1H3XEas/0gUIzGzBoP/IouTcUQbm9JWZLH3COxyn03TYlFax6w==
    dependencies:
      semver "^7.5.3"
  
  strnum@^1.0.5:
    version "1.0.5"
    resolved "https://registry.yarnpkg.com/strnum/-/strnum-1.0.5.tgz#5c4e829fe15ad4ff0d20c3db5ac97b73c9b072db"
    integrity sha512-J8bbNyKKXl5qYcR36TIO8W3mVGVHrmmxsd5PAItGkmyzwJvybiw2IVq5nqd0i4LSNSkB/sx9VHllbfFdr9k1JA==
  
  supports-color@^5.5.0:
    version "5.5.0"
    resolved "https://registry.yarnpkg.com/supports-color/-/supports-color-5.5.0.tgz#e2e69a44ac8772f78a1ec0b35b689df6530efc8f"
    integrity sha512-QjVjwdXIt408MIiAqCX4oUKsgU2EqAGzs2Ppkm4aQYbjm+ZEWEcW4SfFNTr4uMNZma0ey4f5lgLrkB0aX0QMow==
    dependencies:
      has-flag "^3.0.0"
  
  to-regex-range@^5.0.1:
    version "5.0.1"
    resolved "https://registry.yarnpkg.com/to-regex-range/-/to-regex-range-5.0.1.tgz#1648c44aae7c8d988a326018ed72f5b4dd0392e4"
    integrity sha512-65P7iz6X5yEr1cwcgvQxbbIw7Uk3gOy5dIdtZ4rDveLqhrdJP+Li/Hx6tyK0NEb+2GCyneCMJiGqrADCSNk8sQ==
    dependencies:
      is-number "^7.0.0"
  
  touch@^3.1.0:
    version "3.1.0"
    resolved "https://registry.yarnpkg.com/touch/-/touch-3.1.0.tgz#fe365f5f75ec9ed4e56825e0bb76d24ab74af83b"
    integrity sha512-WBx8Uy5TLtOSRtIq+M03/sKDrXCLHxwDcquSP2c43Le03/9serjQBIztjRz6FkJez9D/hleyAXTBGLwwZUw9lA==
    dependencies:
      nopt "~1.0.10"
  
  ts-node@^10.9.1:
    version "10.9.1"
    resolved "https://registry.yarnpkg.com/ts-node/-/ts-node-10.9.1.tgz#e73de9102958af9e1f0b168a6ff320e25adcff4b"
    integrity sha512-NtVysVPkxxrwFGUUxGYhfux8k78pQB3JqYBXlLRZgdGUqTO5wU/UyHop5p70iEbGhB7q5KmiZiU0Y3KlJrScEw==
    dependencies:
      "@cspotcode/source-map-support" "^0.8.0"
      "@tsconfig/node10" "^1.0.7"
      "@tsconfig/node12" "^1.0.7"
      "@tsconfig/node14" "^1.0.0"
      "@tsconfig/node16" "^1.0.2"
      acorn "^8.4.1"
      acorn-walk "^8.1.1"
      arg "^4.1.0"
      create-require "^1.1.0"
      diff "^4.0.1"
      make-error "^1.1.1"
      v8-compile-cache-lib "^3.0.1"
      yn "3.1.1"
  
  tslib@^1.11.1:
    version "1.14.1"
    resolved "https://registry.yarnpkg.com/tslib/-/tslib-1.14.1.tgz#cf2d38bdc34a134bcaf1091c41f6619e2f672d00"
    integrity sha512-Xni35NKzjgMrwevysHTCArtLDpPvye8zV/0E4EyYn43P7/7qvQwPh9BGkHewbMulVntbigmcT7rdX3BNo9wRJg==
  
  tslib@^2.3.1, tslib@^2.5.0:
    version "2.6.2"
    resolved "https://registry.yarnpkg.com/tslib/-/tslib-2.6.2.tgz#703ac29425e7b37cd6fd456e92404d46d1f3e4ae"
    integrity sha512-AEYxH93jGFPn/a2iVAwW87VuUIkR1FVUKB77NwMF7nBTDkDrrT/Hpt/IrCJ0QXhW27jTBDcf5ZY7w6RiqTMw2Q==
  
  typescript@^5.2.2:
    version "5.2.2"
    resolved "https://registry.yarnpkg.com/typescript/-/typescript-5.2.2.tgz#5ebb5e5a5b75f085f22bc3f8460fba308310fa78"
    integrity sha512-mI4WrpHsbCIcwT9cF4FZvr80QUeKvsUsUvKDoR+X/7XHQH98xYD8YHZg7ANtz2GtZt/CBq2QJ0thkGJMHfqc1w==
  
  undefsafe@^2.0.5:
    version "2.0.5"
    resolved "https://registry.yarnpkg.com/undefsafe/-/undefsafe-2.0.5.tgz#38733b9327bdcd226db889fb723a6efd162e6e2c"
    integrity sha512-WxONCrssBM8TSPRqN5EmsjVrsv4A8X12J4ArBiiayv3DyyG3ZlIg6yysuuSYdZsVz3TKcTg2fd//Ujd4CHV1iA==
  
  url@0.10.3:
    version "0.10.3"
    resolved "https://registry.yarnpkg.com/url/-/url-0.10.3.tgz#021e4d9c7705f21bbf37d03ceb58767402774c64"
    integrity sha512-hzSUW2q06EqL1gKM/a+obYHLIO6ct2hwPuviqTTOcfFVc61UbfJ2Q32+uGL/HCPxKqrdGB5QUwIe7UqlDgwsOQ==
    dependencies:
      punycode "1.3.2"
      querystring "0.2.0"
  
  util@^0.12.4:
    version "0.12.5"
    resolved "https://registry.yarnpkg.com/util/-/util-0.12.5.tgz#5f17a6059b73db61a875668781a1c2b136bd6fbc"
    integrity sha512-kZf/K6hEIrWHI6XqOFUiiMa+79wE/D8Q+NCNAWclkyg3b4d2k7s0QGepNjiABc+aR3N1PAyHL7p6UcLY6LmrnA==
    dependencies:
      inherits "^2.0.3"
      is-arguments "^1.0.4"
      is-generator-function "^1.0.7"
      is-typed-array "^1.1.3"
      which-typed-array "^1.1.2"
  
  uuid@8.0.0:
    version "8.0.0"
    resolved "https://registry.yarnpkg.com/uuid/-/uuid-8.0.0.tgz#bc6ccf91b5ff0ac07bbcdbf1c7c4e150db4dbb6c"
    integrity sha512-jOXGuXZAWdsTH7eZLtyXMqUb9EcWMGZNbL9YcGBJl4MH4nrxHmZJhEHvyLFrkxo+28uLb/NYRcStH48fnD0Vzw==
  
  uuid@^8.3.2:
    version "8.3.2"
    resolved "https://registry.yarnpkg.com/uuid/-/uuid-8.3.2.tgz#80d5b5ced271bb9af6c445f21a1a04c606cefbe2"
    integrity sha512-+NYs2QeMWy+GWFOEm9xnn6HCDp0l7QBD7ml8zLUmJ+93Q5NF0NocErnwkTkXVFNiX3/fpC6afS8Dhb/gz7R7eg==
  
  v8-compile-cache-lib@^3.0.1:
    version "3.0.1"
    resolved "https://registry.yarnpkg.com/v8-compile-cache-lib/-/v8-compile-cache-lib-3.0.1.tgz#6336e8d71965cb3d35a1bbb7868445a7c05264bf"
    integrity sha512-wa7YjyUGfNZngI/vtK0UHAN+lgDCxBPCylVXGp0zu59Fz5aiGtNXaq3DhIov063MorB+VfufLh3JlF2KdTK3xg==
  
  which-typed-array@^1.1.11, which-typed-array@^1.1.2:
    version "1.1.11"
    resolved "https://registry.yarnpkg.com/which-typed-array/-/which-typed-array-1.1.11.tgz#99d691f23c72aab6768680805a271b69761ed61a"
    integrity sha512-qe9UWWpkeG5yzZ0tNYxDmd7vo58HDBc39mZ0xWWpolAGADdFOzkfamWLDxkOWcvHQKVmdTyQdLD4NOfjLWTKew==
    dependencies:
      available-typed-arrays "^1.0.5"
      call-bind "^1.0.2"
      for-each "^0.3.3"
      gopd "^1.0.1"
      has-tostringtag "^1.0.0"
  
  xml2js@0.5.0:
    version "0.5.0"
    resolved "https://registry.yarnpkg.com/xml2js/-/xml2js-0.5.0.tgz#d9440631fbb2ed800203fad106f2724f62c493b7"
    integrity sha512-drPFnkQJik/O+uPKpqSgr22mpuFHqKdbS835iAQrUC73L2F5WkboIRd63ai/2Yg6I1jzifPFKH2NTK+cfglkIA==
    dependencies:
      sax ">=0.6.0"
      xmlbuilder "~11.0.0"
  
  xmlbuilder@~11.0.0:
    version "11.0.1"
    resolved "https://registry.yarnpkg.com/xmlbuilder/-/xmlbuilder-11.0.1.tgz#be9bae1c8a046e76b31127726347d0ad7002beb3"
    integrity sha512-fDlsI/kFEx7gLvbecc0/ohLG50fugQp8ryHzMTuW9vSa1GJ0XYWKnhsUx7oie3G98+r56aTQIUB4kht42R3JvA==
  
  yallist@^4.0.0:
    version "4.0.0"
    resolved "https://registry.yarnpkg.com/yallist/-/yallist-4.0.0.tgz#9bb92790d9c0effec63be73519e11a35019a3a72"
    integrity sha512-3wdGidZyq5PB084XLES5TpOSRA3wjXAlIWMhum2kRcv/41Sn2emQ0dycQW4uZXLejwKvg6EsvbdlVL+FYEct7A==
  
  yn@3.1.1:
    version "3.1.1"
    resolved "https://registry.yarnpkg.com/yn/-/yn-3.1.1.tgz#1e87401a09d767c1d5eab26a6e4c185182d2eb50"
    integrity sha512-Ux4ygGWsu2c7isFWe8Yu1YluJmqVhxqK2cLXNQA5AcC3QfbGNpM7fu0Y8b/z16pXLnFxZYvWhd3fhBY9DLmC6Q==
